"C:/Dokumente/Unreal Projects/HostageMechanic/Content/FirstPerson/Textures/FirstPersonCrosshair.uasset" 0
"../../../Engine/Content/EngineMaterials/T_Default_Material_Grid_N.uasset" 1
"../../../Engine/Content/EngineMaterials/T_Default_Material_Grid_M.uasset" 2
"../../../Engine/Content/Functions/Engine_MaterialFunctions01/Opacity/CameraDepthFade.uasset" 3
"../../../Engine/Content/EngineMaterials/WorldGridMaterial.uasset" 4
"../../../Engine/Content/ArtTools/RenderToTexture/Meshes/S_1_Unit_Plane.uasset" 5
"../../../Engine/Content/EngineMaterials/DefaultMaterial.uasset" 6
"../../../Engine/Content/BasicShapes/Cone.uasset" 7
"../../../Engine/Content/BasicShapes/Cube.uasset" 8
"../../../Engine/Content/BasicShapes/Plane.uasset" 9
"../../../Engine/Content/BasicShapes/Sphere.uasset" 10
"../../../Engine/Content/EditorLandscapeResources/DataLayer.uasset" 11
"../../../Engine/Content/EditorLandscapeResources/DefaultAlphaTexture.uasset" 12
"../../../Engine/Content/EditorMaterials/MAT_Groups_Toggle.uasset" 13
"../../../Engine/Content/EditorMaterials/MAT_Groups_Visibility.uasset" 14
"../../../Engine/Content/EditorMaterials/PreviewShadowIndicator.uasset" 15
"../../../Engine/Content/EditorMaterials/PreviewShadowIndicatorMaterial.uasset" 16
"../../../Engine/Content/EditorMaterials/MatineeGroups/MAT_ColorTrack.uasset" 17
"../../../Engine/Content/EditorMaterials/MatineeGroups/MAT_Groups_Anim.uasset" 18
"../../../Engine/Content/EditorMaterials/MatineeGroups/MAT_Groups_AudioMaster.uasset" 19
"../../../Engine/Content/EditorMaterials/MatineeGroups/MAT_Groups_Director.uasset" 20
"../../../Engine/Content/EditorMaterials/MatineeGroups/MAT_Groups_Event.uasset" 21
"../../../Engine/Content/EditorMaterials/MatineeGroups/MAT_Groups_Fade.uasset" 22
"../../../Engine/Content/EditorMaterials/MatineeGroups/MAT_Groups_Float.uasset" 23
"../../../Engine/Content/EditorMaterials/MatineeGroups/MAT_Groups_Move.uasset" 24
"../../../Engine/Content/EditorMaterials/MatineeGroups/MAT_Groups_Slomo.uasset" 25
"../../../Engine/Content/EditorMaterials/MatineeGroups/MAT_Groups_Sound.uasset" 26
"../../../Engine/Content/EditorMaterials/MatineeGroups/MAT_Groups_Vector.uasset" 27
"../../../Engine/Content/EditorMaterials/ParticleSystems/PSysThumbnail_NoImage.uasset" 28
"../../../Engine/Content/EditorMaterials/ParticleSystems/PSysThumbnail_OOD.uasset" 29
"../../../Engine/Content/EditorMaterials/Camera/CineMat.uasset" 30
"../../../Engine/Content/EditorMaterials/Camera/MI_CineMat_Rig.uasset" 31
"../../../Engine/Content/EditorMeshes/Camera/SM_CraneRig_Arm.uasset" 32
"../../../Engine/Content/EditorMeshes/Camera/SM_CraneRig_Base.uasset" 33
"../../../Engine/Content/EditorMeshes/Camera/SM_CraneRig_Body.uasset" 34
"../../../Engine/Content/EditorMeshes/Camera/SM_CraneRig_Mount.uasset" 35
"../../../Engine/Content/EditorMeshes/Camera/SM_RailRig_Mount.uasset" 36
"../../../Engine/Content/EditorMeshes/Camera/SM_RailRig_Track.uasset" 37
"../../../Engine/Content/EditorResources/BSPVertex.uasset" 38
"../../../Engine/Content/EditorResources/EmptyActor.uasset" 39
"../../../Engine/Content/EditorResources/S_Actor.uasset" 40
"../../../Engine/Content/EditorResources/S_Note.uasset" 41
"../../../Engine/Content/EditorResources/S_Solver.uasset" 42
"../../../Engine/Content/EditorResources/S_Terrain.uasset" 43
"../../../Engine/Content/EditorResources/S_Trigger.uasset" 44
"../../../Engine/Content/EditorResources/LightIcons/S_LightError.uasset" 45
"../../../Engine/Content/EditorResources/SequenceRecorder/Countdown.uasset" 46
"../../../Engine/Content/EditorResources/SequenceRecorder/RecordingIndicator.uasset" 47
"../../../Engine/Content/EngineDamageTypes/DmgTypeBP_Environmental.uasset" 48
"../../../Engine/Content/EngineDebugMaterials/DebugEditorMaterial.uasset" 49
"../../../Engine/Content/EngineDebugMaterials/DebugMeshMaterial.uasset" 50
"../../../Engine/Content/EngineDebugMaterials/M_SimpleUnlitTranslucent.uasset" 51
"../../../Engine/Content/EngineDebugMaterials/VolumeToRender.uasset" 52
"../../../Engine/Content/Functions/Engine_MaterialFunctions02/Utility/CameraDirectionVector.uasset" 53
"../../../Engine/Content/EngineDebugMaterials/M_VolumeRenderSphereTracePP.uasset" 54
"../../../Engine/Content/Functions/Engine_MaterialFunctions01/Shading/ConvertFromDiffSpec.uasset" 55
"../../../Engine/Content/EngineDebugMaterials/VertexColorMaterial.uasset" 56
"../../../Engine/Content/EngineDebugMaterials/WireframeMaterial.uasset" 57
"../../../Engine/Content/EngineFonts/Faces/RobotoRegular.uasset" 58
"../../../Engine/Content/EngineFonts/Faces/RobotoLight.uasset" 59
"../../../Engine/Content/EngineFonts/Faces/RobotoItalic.uasset" 60
"../../../Engine/Content/EngineFonts/Faces/RobotoBoldItalic.uasset" 61
"../../../Engine/Content/EngineFonts/Faces/RobotoBold.uasset" 62
"../../../Engine/Content/EngineFonts/Faces/DroidSansFallback.uasset" 63
"../../../Engine/Content/EngineFonts/Roboto.uasset" 64
"../../../Engine/Content/EngineMaterials/BaseFlattenNormalMap.uasset" 65
"../../../Engine/Content/EngineMaterials/BaseFlattenGrayscaleMap.uasset" 66
"../../../Engine/Content/EngineMaterials/BaseFlattenEmissiveMap.uasset" 67
"../../../Engine/Content/EngineMaterials/BaseFlattenDiffuseMap.uasset" 68
"../../../Engine/Content/EngineMaterials/BaseFlattenMaterial.uasset" 69
"../../../Engine/Content/EngineMaterials/BlueNoise.uasset" 70
"../../../Engine/Content/EngineMaterials/DefaultBloomKernel.uasset" 71
"../../../Engine/Content/EngineMaterials/DefaultBokeh.uasset" 72
"../../../Engine/Content/EngineMaterials/DefaultDiffuse.uasset" 73
"../../../Engine/Content/EngineMaterials/DefaultDeferredDecalMaterial.uasset" 74
"../../../Engine/Content/EngineMaterials/DefaultLightFunctionMaterial.uasset" 75
"../../../Engine/Content/EngineMaterials/DefaultPhysicalMaterial.uasset" 76
"../../../Engine/Content/Functions/Engine_MaterialFunctions02/Utility/BreakOutFloat2Components.uasset" 77
"../../../Engine/Content/EngineMaterials/DefaultPostProcessMaterial.uasset" 78
"../../../Engine/Content/EngineFonts/RobotoDistanceField.uasset" 79
"../../../Engine/Content/EngineMaterials/DefaultTextMaterialOpaque.uasset" 80
"../../../Engine/Content/EngineMaterials/DefaultWhiteGrid.uasset" 81
"../../../Engine/Content/EngineMaterials/DefaultWhiteGrid_Low.uasset" 82
"../../../Engine/Content/EngineMaterials/EmissiveMeshMaterial.uasset" 83
"../../../Engine/Content/EngineMaterials/GizmoMaterial.uasset" 84
"../../../Engine/Content/EngineMaterials/Good64x64TilingNoiseHighFreq.uasset" 85
"../../../Engine/Content/EngineMaterials/MiniFont.uasset" 86
"../../../Engine/Content/EngineMaterials/InvalidLightmapSettings.uasset" 87
"../../../Engine/Content/EngineMaterials/M_InvalidLightmapSettings.uasset" 88
"../../../Engine/Content/Functions/Engine_MaterialFunctions02/WorldPositionOffset/CameraOffset.uasset" 89
"../../../Engine/Content/EngineMaterials/PhAT_JointLimitMaterial.uasset" 90
"../../../Engine/Content/EngineMaterials/PreintegratedSkinBRDF.uasset" 91
"../../../Engine/Content/EngineMaterials/RemoveSurfaceMaterial.uasset" 92
"../../../Engine/Content/EngineMaterials/WeightMapPlaceholderTexture.uasset" 93
"../../../Engine/Content/EngineResources/WhiteSquareTexture.uasset" 94
"../../../Engine/Content/EngineMaterials/Widget3DPassThrough.uasset" 95
"../../../Engine/Content/EngineMaterials/Widget3DPassThrough_Masked.uasset" 96
"../../../Engine/Content/EngineMaterials/Widget3DPassThrough_Opaque.uasset" 97
"../../../Engine/Content/EngineMaterials/Widget3DPassThrough_Masked_OneSided.uasset" 98
"../../../Engine/Content/EngineMaterials/Widget3DPassThrough_Opaque_OneSided.uasset" 99
"../../../Engine/Content/EngineMaterials/Widget3DPassThrough_Translucent.uasset" 100
"../../../Engine/Content/EngineMaterials/Widget3DPassThrough_Translucent_OneSided.uasset" 101
"../../../Engine/Content/EngineMeshes/Cylinder.uasset" 102
"../../../Engine/Content/EngineMeshes/Sphere.uasset" 103
"../../../Engine/Content/EngineResources/DefaultTextureCube.uasset" 104
"../../../Engine/Content/EngineResources/DefaultVolumeTexture2D.uasset" 105
"../../../Engine/Content/EngineResources/DefaultVolumeTexture.uasset" 106
"../../../Engine/Content/EngineResources/GradientTexture0.uasset" 107
"../../../Engine/Content/EngineSky/VolumetricClouds/T_NoiseShape64.uasset" 108
"../../../Engine/Content/EngineSky/VolumetricClouds/T_VolumeNoiseShape64.uasset" 109
"../../../Engine/Content/EngineSky/VolumetricClouds/T_NoiseErosion.uasset" 110
"../../../Engine/Content/EngineSky/VolumetricClouds/T_VolumeNoiseErosion32.uasset" 111
"../../../Engine/Content/EngineSky/VolumetricClouds/CloudWeatherTexture.uasset" 112
"../../../Engine/Content/EngineSky/VolumetricClouds/CloudGradientTexture.uasset" 113
"../../../Engine/Content/Functions/Engine_MaterialFunctions02/Utility/MakeFloat2.uasset" 114
"../../../Engine/Content/EngineSky/VolumetricClouds/m_SimpleVolumetricCloud.uasset" 115
"../../../Engine/Content/EngineSky/VolumetricClouds/m_SimpleVolumetricCloud_Inst.uasset" 116
"../../../Engine/Content/EngineSounds/Master.uasset" 117
"../../../Engine/Content/Functions/Engine_MaterialFunctions01/Shading/PowerToRoughness.uasset" 118
"../../../Engine/Content/Maps/Templates/Thumbnails/Default.uasset" 119
"../../../Engine/Content/Maps/Templates/Thumbnails/TimeOfDay.uasset" 120
"../../../Engine/Content/Maps/Templates/Thumbnails/VR-Basic.uasset" 121
"../../../Engine/Content/MobileResources/T_MobileControls_texture.uasset" 122
"../../../Engine/Content/MobileResources/T_MobileMenu2.uasset" 123
"../../../Engine/Content/MobileResources/HUD/AnalogHat.uasset" 124
"../../../Engine/Content/MobileResources/HUD/VirtualJoystick_Thumb.uasset" 125
"../../../Engine/Content/MobileResources/HUD/VirtualJoystick_Background.uasset" 126
"../../../Engine/Content/MobileResources/HUD/DefaultVirtualJoysticks.uasset" 127
"../../../Engine/Content/MobileResources/HUD/LeftVirtualJoystickOnly.uasset" 128
"../../../Engine/Content/MobileResources/HUD/MobileHUDButton1_off.uasset" 129
"../../../Engine/Content/MobileResources/HUD/MobileHUDButton1_on.uasset" 130
"../../../Engine/Content/MobileResources/HUD/MobileHUDButton2_off.uasset" 131
"../../../Engine/Content/MobileResources/HUD/MobileHUDButton2_on.uasset" 132
"../../../Engine/Content/MobileResources/HUD/MobileHUDButton3.uasset" 133
"../../../Engine/Content/MobileResources/HUD/MobileHUDButtonFire.uasset" 134
"../../../Engine/Content/MobileResources/HUD/MobileHUDDirectionPad.uasset" 135
"../../../Engine/Content/MobileResources/HUD/MobileHUDDirectionPad2.uasset" 136
"../../../Engine/Content/MobileResources/HUD/MobileHUDDirectionPad3.uasset" 137
"../../../Engine/Content/MobileResources/HUD/MobileHUDDirectionStick.uasset" 138
"../../../Engine/Content/MobileResources/HUD/T_Castle_ThumbstickInner.uasset" 139
"../../../Engine/Content/MobileResources/HUD/T_Castle_ThumbstickOutter.uasset" 140
"../../../Engine/Content/Tutorial/ContentIntroCurve.uasset" 141
"../../../Engine/Content/Tutorial/Basics/LevelEditorAttract.uasset" 142
"../../../Engine/Content/Tutorial/Basics/TutorialAssets/icon_tab_Levels_40x.uasset" 143
"../../../Engine/Content/Tutorial/Basics/LevelEditorOverview.uasset" 144
"../../../Engine/Content/Tutorial/BlueprintTutorials/TutorialAssets/Blueprint_64x.uasset" 145
"../../../Engine/Content/Tutorial/BlueprintTutorials/BlueprintEditorTutorial.uasset" 146
"../../../Engine/Content/Tutorial/SubEditors/MaterialEditorTutorial.uasset" 147
"../../../Engine/Content/Tutorial/SubEditors/TutorialAssets/TutorialMaterial.uasset" 148
"../../../Engine/Content/VREditor/TransformGizmo/TranslucentTransformGizmoMaterial.uasset" 149
"../../../Engine/Content/VREditor/LaserPointer/VR_LaserPower_01.uasset" 150
"../../../Engine/Content/VREditor/TransformGizmo/TransformGizmoMaterial.uasset" 151
"../../../Engine/Content/VREditor/TransformGizmo/BoundingBoxCorner.uasset" 152
"../../../Engine/Content/VREditor/TransformGizmo/BoundingBoxEdge.uasset" 153
"../../../Engine/Content/VREditor/TransformGizmo/PlaneTranslationHandle.uasset" 154
"../../../Engine/Content/VREditor/TransformGizmo/Xray.uasset" 155
"../../../Engine/Content/VREditor/TransformGizmo/Main.uasset" 156
"../../../Engine/Content/VREditor/TransformGizmo/SM_Sequencer_Key.uasset" 157
"../../../Engine/Content/VREditor/TransformGizmo/SM_Sequencer_Node.uasset" 158
"../../Plugins/2D/Paper2D/Content/PlaceholderTextures/DummySpriteTexture.uasset" 159
"../../Plugins/2D/Paper2D/Content/DummySprite.uasset" 160
"../../Plugins/2D/Paper2D/Content/DefaultPaperTerrainMaterial.uasset" 161
"../../Plugins/2D/Paper2D/Content/DefaultSpriteMaterial.uasset" 162
"../../Plugins/2D/Paper2D/Content/MaskedUnlitSpriteMaterial.uasset" 163
"../../Plugins/2D/Paper2D/Content/OpaqueUnlitSpriteMaterial.uasset" 164
"../../../Engine/Content/Functions/Engine_MaterialFunctions02/Utility/BreakOutFloat3Components.uasset" 165
"../../Plugins/Editor/SpeedTreeImporter/Content/SpeedTree9/UnpackInteger3.uasset" 166
"../../Plugins/Editor/SpeedTreeImporter/Content/SpeedTree9/UnpackDirection.uasset" 167
"../../Plugins/Editor/SpeedTreeImporter/Content/SpeedTree9/game_wind_noise.uasset" 168
"../../../Engine/Content/Functions/Engine_MaterialFunctions02/SafeNormalize.uasset" 169
"../../Plugins/Editor/SpeedTreeImporter/Content/SpeedTree9/SpeedTreeWindMotion.uasset" 170
"../../Plugins/Editor/SpeedTreeImporter/Content/SpeedTree9/SpeedTreeBranchMotion.uasset" 171
"../../../Engine/Content/Functions/Engine_MaterialFunctions02/ObjectLocalBounds.uasset" 172
"../../../Engine/Content/Functions/Engine_MaterialFunctions02/UVs/BoundingBoxBased_0-1_UVW.uasset" 173
"../../Plugins/Editor/SpeedTreeImporter/Content/SpeedTree9/SpeedTreeWind.uasset" 174
"../../Plugins/Editor/SpeedTreeImporter/Content/SpeedTree9/SpeedTreeBillboard.uasset" 175
"../../../Engine/Content/EngineResources/DefaultTexture.uasset" 176
"../../Plugins/Editor/SpeedTreeImporter/Content/SpeedTree9/SpeedTreeBillboardMaster.uasset" 177
"../../Plugins/Editor/SpeedTreeImporter/Content/SpeedTree9/SpeedTreeCameraFacing.uasset" 178
"../../Plugins/Editor/SpeedTreeImporter/Content/SpeedTree9/SpeedTreeMaster.uasset" 179
"../../../Engine/Content/BasicShapes/Cylinder.uasset" 180
"../../../Engine/Content/ArtTools/RenderToTexture/Materials/Debug/M_Emissive_Color.uasset" 181
"../../Plugins/Lumin/MagicLeapPassableWorld/Content/MagicLeapARPinInfoActor.uasset" 182
"../../../Engine/Content/Functions/Engine_MaterialFunctions02/Utility/BreakOutFloat4Components.uasset" 183
"../../../Engine/Content/Functions/Engine_MaterialFunctions02/Utility/MakeFloat3.uasset" 184
"../../Plugins/Runtime/Oculus/OculusVR/Content/Materials/OculusMR_ChromaKey.uasset" 185
"../../Plugins/Runtime/Oculus/OculusVR/Content/Materials/OculusMR_OpaqueColoredMaterial.uasset" 186
"../../Plugins/Runtime/Oculus/OculusVR/Content/Materials/PokeAHoleMaterial.uasset" 187
"../../../Engine/Content/EditorBlueprintResources/StandardMacros.uasset" 188
"C:/Dokumente/Unreal Projects/HostageMechanic/Content/FirstPerson/Character/Mesh/SK_Mannequin_Arms_Skeleton.uasset" 189
"C:/Dokumente/Unreal Projects/HostageMechanic/Content/FirstPerson/Animations/FirstPerson_JumpLoop.uasset" 190
"C:/Dokumente/Unreal Projects/HostageMechanic/Content/FirstPerson/Animations/FirstPerson_JumpEnd.uasset" 191
"C:/Dokumente/Unreal Projects/HostageMechanic/Content/FirstPerson/Animations/FirstPerson_Idle.uasset" 192
"C:/Dokumente/Unreal Projects/HostageMechanic/Content/FirstPerson/Animations/FirstPerson_JumpStart.uasset" 193
"C:/Dokumente/Unreal Projects/HostageMechanic/Content/FirstPerson/Animations/FirstPerson_Run.uasset" 194
"C:/Dokumente/Unreal Projects/HostageMechanic/Content/FirstPerson/Animations/FirstPerson_AnimBP.uasset" 195
"C:/Dokumente/Unreal Projects/HostageMechanic/Content/FirstPerson/Animations/FirstPerson_Fire.uasset" 196
"C:/Dokumente/Unreal Projects/HostageMechanic/Content/FirstPerson/Animations/FirstPersonFire_Montage.uasset" 197
"C:/Dokumente/Unreal Projects/HostageMechanic/Content/FirstPerson/Audio/FirstPersonTemplateWeaponFire02.uasset" 198
"../../../Engine/Content/Functions/Engine_MaterialFunctions02/Utility/BlendAngleCorrectedNormals.uasset" 199
"../../../Engine/Content/Functions/MaterialLayerFunctions/MatLayerBlend_NormalBlend.uasset" 200
"../../../Engine/Content/Functions/MaterialLayerFunctions/MatLayerBlend_Simple.uasset" 201
"C:/Dokumente/Unreal Projects/HostageMechanic/Content/FirstPerson/Character/Textures/UE4_Mannequin__normals.uasset" 202
"C:/Dokumente/Unreal Projects/HostageMechanic/Content/FirstPerson/Character/Materials/MaterialLayers/T_ML_Aluminum01.uasset" 203
"C:/Dokumente/Unreal Projects/HostageMechanic/Content/FirstPerson/Character/Materials/MaterialLayers/T_ML_Aluminum01_N.uasset" 204
"C:/Dokumente/Unreal Projects/HostageMechanic/Content/FirstPerson/Character/Materials/MaterialLayers/ML_SoftMetal_UE4.uasset" 205
"C:/Dokumente/Unreal Projects/HostageMechanic/Content/FirstPerson/Character/Materials/MaterialLayers/T_ML_Rubber_Blue_01_D.uasset" 206
"C:/Dokumente/Unreal Projects/HostageMechanic/Content/FirstPerson/Character/Materials/MaterialLayers/T_ML_Rubber_Blue_01_N.uasset" 207
"C:/Dokumente/Unreal Projects/HostageMechanic/Content/FirstPerson/Character/Materials/MaterialLayers/ML_GlossyBlack_Latex_UE4.uasset" 208
"C:/Dokumente/Unreal Projects/HostageMechanic/Content/FirstPerson/Character/Textures/UE4_Mannequin_MAT_MASKA.uasset" 209
"C:/Dokumente/Unreal Projects/HostageMechanic/Content/FirstPerson/Character/Materials/MaterialLayers/ML_Plastic_Shiny_Beige.uasset" 210
"C:/Dokumente/Unreal Projects/HostageMechanic/Content/FirstPerson/Character/Textures/UE4_LOGO_CARD.uasset" 211
"C:/Dokumente/Unreal Projects/HostageMechanic/Content/FirstPerson/Character/Materials/MaterialLayers/ML_Plastic_Shiny_Beige_LOGO.uasset" 212
"C:/Dokumente/Unreal Projects/HostageMechanic/Content/FirstPerson/Character/Materials/M_UE4Man_Body.uasset" 213
"C:/Dokumente/Unreal Projects/HostageMechanic/Content/FirstPerson/Character/Mesh/SK_Mannequin_Arms_PhysicsAsset.uasset" 214
"C:/Dokumente/Unreal Projects/HostageMechanic/Content/FirstPerson/Character/Mesh/SK_Mannequin_Arms.uasset" 215
"C:/Dokumente/Unreal Projects/HostageMechanic/Content/FirstPerson/FPWeapon/Materials/MaterialLayers/T_ML_Rubber_Blue_01_D.uasset" 216
"C:/Dokumente/Unreal Projects/HostageMechanic/Content/FirstPerson/FPWeapon/Materials/MaterialLayers/T_ML_Rubber_Blue_01_N.uasset" 217
"C:/Dokumente/Unreal Projects/HostageMechanic/Content/FirstPerson/FPWeapon/Materials/MaterialLayers/ML_GlossyBlack_Latex_UE4.uasset" 218
"C:/Dokumente/Unreal Projects/HostageMechanic/Content/FirstPerson/FPWeapon/Materials/MaterialLayers/ML_Plastic_Shiny_Beige.uasset" 219
"C:/Dokumente/Unreal Projects/HostageMechanic/Content/FirstPerson/FPWeapon/Materials/MaterialLayers/ML_Screen.uasset" 220
"C:/Dokumente/Unreal Projects/HostageMechanic/Content/FirstPerson/FPWeapon/Materials/MaterialLayers/T_ML_Aluminum01.uasset" 221
"C:/Dokumente/Unreal Projects/HostageMechanic/Content/FirstPerson/FPWeapon/Materials/MaterialLayers/T_ML_Aluminum01_N.uasset" 222
"C:/Dokumente/Unreal Projects/HostageMechanic/Content/FirstPerson/FPWeapon/Materials/MaterialLayers/ML_SoftMetal_UE4.uasset" 223
"C:/Dokumente/Unreal Projects/HostageMechanic/Content/FirstPerson/FPWeapon/Textures/T_FPGun_M.uasset" 224
"C:/Dokumente/Unreal Projects/HostageMechanic/Content/FirstPerson/FPWeapon/Textures/T_FPGun_N.uasset" 225
"C:/Dokumente/Unreal Projects/HostageMechanic/Content/FirstPerson/FPWeapon/Materials/M_FPGun.uasset" 226
"C:/Dokumente/Unreal Projects/HostageMechanic/Content/FirstPerson/FPWeapon/Mesh/SK_FPGun_Skeleton.uasset" 227
"C:/Dokumente/Unreal Projects/HostageMechanic/Content/FirstPerson/FPWeapon/Mesh/SK_FPGun.uasset" 228
"C:/Dokumente/Unreal Projects/HostageMechanic/Content/FirstPerson/Meshes/BaseMaterial.uasset" 229
"C:/Dokumente/Unreal Projects/HostageMechanic/Content/FirstPerson/Meshes/FirstPersonProjectileMaterial.uasset" 230
"C:/Dokumente/Unreal Projects/HostageMechanic/Content/FirstPerson/Meshes/FirstPersonProjectileMesh.uasset" 231
"C:/Dokumente/Unreal Projects/HostageMechanic/Content/PrototypeWeap/FX/Textures/T_Spark_01.uasset" 232
"C:/Dokumente/Unreal Projects/HostageMechanic/Content/PrototypeWeap/FX/Materials/M_Spark_01.uasset" 233
"C:/Dokumente/Unreal Projects/HostageMechanic/Content/PrototypeWeap/FX/Textures/T_Ember_01.uasset" 234
"C:/Dokumente/Unreal Projects/HostageMechanic/Content/PrototypeWeap/FX/Materials/M_Ember_01.uasset" 235
"C:/Dokumente/Unreal Projects/HostageMechanic/Content/PrototypeWeap/FX/Textures/T_SparkImpacts_2x2_01.uasset" 236
"C:/Dokumente/Unreal Projects/HostageMechanic/Content/PrototypeWeap/FX/Materials/M_SparksImpact_2x2_01.uasset" 237
"C:/Dokumente/Unreal Projects/HostageMechanic/Content/PrototypeWeap/FX/Textures/T_SmokeSimple_01.uasset" 238
"C:/Dokumente/Unreal Projects/HostageMechanic/Content/PrototypeWeap/FX/Materials/M_SmokeSimple_01.uasset" 239
"C:/Dokumente/Unreal Projects/HostageMechanic/Content/PrototypeWeap/FX/Textures/T_GlowSphere_01.uasset" 240
"C:/Dokumente/Unreal Projects/HostageMechanic/Content/PrototypeWeap/FX/Materials/M_Pop_01.uasset" 241
"C:/Dokumente/Unreal Projects/HostageMechanic/Content/PrototypeWeap/P_Impact_01.uasset" 242
"C:/Dokumente/Unreal Projects/HostageMechanic/Content/MyContent/Blueprints/FirstPersonProjectile.uasset" 243
"C:/Dokumente/Unreal Projects/HostageMechanic/Content/MyContent/Blueprints/BP_CameraShakeGrabbed.uasset" 244
"C:/Dokumente/Unreal Projects/HostageMechanic/Content/MyContent/Blueprints/FirstPersonCharacter.uasset" 245
"C:/Dokumente/Unreal Projects/HostageMechanic/Content/MyContent/Blueprints/HealthBar.uasset" 246
"C:/Dokumente/Unreal Projects/HostageMechanic/Content/HostageGamemode.uasset" 247
"../../../Engine/Content/BasicShapes/BasicShapeMaterial.uasset" 248
"C:/Dokumente/Unreal Projects/HostageMechanic/Content/MyContent/Maps/PrototypeMap_BuiltData.uasset" 249
"C:/Dokumente/Unreal Projects/HostageMechanic/Content/MyContent/Hostage/Hostage_PhysicsAsset.uasset" 250
"C:/Dokumente/Unreal Projects/HostageMechanic/Content/MyContent/Hostage/Hostage_Skeleton.uasset" 251
"C:/Dokumente/Unreal Projects/HostageMechanic/Content/MyContent/Hostage/Hostage_Mannequin.uasset" 252
"../../../Engine/Content/EngineDebugMaterials/ShadedLevelColorationLitMaterial.uasset" 253
"../../../Engine/Content/Animation/DefaultAnimCurveCompressionSettings.uasset" 254
"../../../Engine/Content/Animation/DefaultAnimBoneCompressionSettings.uasset" 255
"C:/Dokumente/Unreal Projects/HostageMechanic/Content/MyContent/Hostage/Idle_Rifle_Hip.uasset" 256
"C:/Dokumente/Unreal Projects/HostageMechanic/Content/MyContent/Hostage/ABP_Hostage.uasset" 257
"C:/Dokumente/Unreal Projects/HostageMechanic/Content/PrototypeWeap/Prototype_AssaultRifle_Skeleton.uasset" 258
"C:/Dokumente/Unreal Projects/HostageMechanic/Content/PrototypeWeap/Prototype_AssaultRifle_PhysicsAsset.uasset" 259
"C:/Dokumente/Unreal Projects/HostageMechanic/Content/PrototypeWeap/Textures/T_Prototype_AssaultRifle_N.uasset" 260
"C:/Dokumente/Unreal Projects/HostageMechanic/Content/PrototypeWeap/Textures/T_Prototype_AssaultRifle_M.uasset" 261
"C:/Dokumente/Unreal Projects/HostageMechanic/Content/PrototypeWeap/Textures/T_Prototype_AssaultRifle_D.uasset" 262
"C:/Dokumente/Unreal Projects/HostageMechanic/Content/PrototypeWeap/Textures/T_Prototype_GrenadeLauncher_N.uasset" 263
"C:/Dokumente/Unreal Projects/HostageMechanic/Content/PrototypeWeap/Textures/T_Prototype_GrenadeLauncher_M.uasset" 264
"C:/Dokumente/Unreal Projects/HostageMechanic/Content/PrototypeWeap/Textures/T_Prototype_GrenadeLauncher_D.uasset" 265
"../../../Engine/Content/EngineResources/Black.uasset" 266
"C:/Dokumente/Unreal Projects/HostageMechanic/Content/PrototypeWeap/Materials/M_Master.uasset" 267
"C:/Dokumente/Unreal Projects/HostageMechanic/Content/PrototypeWeap/Materials/M_AssualtRifleVer1_Inst.uasset" 268
"C:/Dokumente/Unreal Projects/HostageMechanic/Content/PrototypeWeap/Prototype_AssaultRifle.uasset" 269
"C:/Dokumente/Unreal Projects/HostageMechanic/Content/MyContent/Hostage/BP_Hostage.uasset" 270
"C:/Dokumente/Unreal Projects/HostageMechanic/Content/MyContent/EnemyAI/Mesh/EnemyAI_PhysicsAsset.uasset" 271
"C:/Dokumente/Unreal Projects/HostageMechanic/Content/MyContent/EnemyAI/Mesh/Textures/Ch35_1003_Specular.uasset" 272
"C:/Dokumente/Unreal Projects/HostageMechanic/Content/MyContent/EnemyAI/Mesh/Textures/Ch35_1003_Normal.uasset" 273
"C:/Dokumente/Unreal Projects/HostageMechanic/Content/MyContent/EnemyAI/Mesh/Textures/Ch35_1003_Glossiness.uasset" 274
"C:/Dokumente/Unreal Projects/HostageMechanic/Content/MyContent/EnemyAI/Mesh/Textures/Ch35_1003_Diffuse.uasset" 275
"C:/Dokumente/Unreal Projects/HostageMechanic/Content/MyContent/EnemyAI/Mesh/Textures/Ch35_body2.uasset" 276
"C:/Dokumente/Unreal Projects/HostageMechanic/Content/MyContent/EnemyAI/Mesh/Textures/Ch35_1002_Specular.uasset" 277
"C:/Dokumente/Unreal Projects/HostageMechanic/Content/MyContent/EnemyAI/Mesh/Textures/Ch35_1002_Normal.uasset" 278
"C:/Dokumente/Unreal Projects/HostageMechanic/Content/MyContent/EnemyAI/Mesh/Textures/Ch35_1002_Glossiness.uasset" 279
"C:/Dokumente/Unreal Projects/HostageMechanic/Content/MyContent/EnemyAI/Mesh/Textures/Ch35_1002_Diffuse.uasset" 280
"C:/Dokumente/Unreal Projects/HostageMechanic/Content/MyContent/EnemyAI/Mesh/Textures/Ch35_body1.uasset" 281
"C:/Dokumente/Unreal Projects/HostageMechanic/Content/MyContent/EnemyAI/Mesh/Textures/Ch35_1001_Specular.uasset" 282
"C:/Dokumente/Unreal Projects/HostageMechanic/Content/MyContent/EnemyAI/Mesh/Textures/Ch35_1001_Normal.uasset" 283
"C:/Dokumente/Unreal Projects/HostageMechanic/Content/MyContent/EnemyAI/Mesh/Textures/Ch35_1001_Glossiness.uasset" 284
"C:/Dokumente/Unreal Projects/HostageMechanic/Content/MyContent/EnemyAI/Mesh/Textures/Ch35_1001_Diffuse.uasset" 285
"C:/Dokumente/Unreal Projects/HostageMechanic/Content/MyContent/EnemyAI/Mesh/Textures/Ch35_body.uasset" 286
"C:/Dokumente/Unreal Projects/HostageMechanic/Content/MyContent/EnemyAI/Mesh/EnemyAI_Skeleton.uasset" 287
"C:/Dokumente/Unreal Projects/HostageMechanic/Content/MyContent/EnemyAI/Mesh/EnemyAI_Mannequin.uasset" 288
"C:/Dokumente/Unreal Projects/HostageMechanic/Content/MyContent/Animation/Clapping.uasset" 289
"C:/Dokumente/Unreal Projects/HostageMechanic/Content/MyContent/Animation/Cheering.uasset" 290
"C:/Dokumente/Unreal Projects/HostageMechanic/Content/MyContent/EnemyAI/AIStats.uasset" 291
"C:/Dokumente/Unreal Projects/HostageMechanic/Content/MyContent/EnemyAI/AI/BehaviorTree/BTT/BTT_SurrenderTrigger.uasset" 292
"C:/Dokumente/Unreal Projects/HostageMechanic/Content/MyContent/EnemyAI/AI/BehaviorTree/BTT/BTT_Strafe.uasset" 293
"C:/Dokumente/Unreal Projects/HostageMechanic/Content/MyContent/EnemyAI/AI/BehaviorTree/BTT/BTT_Reset_Attack_Status.uasset" 294
"C:/Dokumente/Unreal Projects/HostageMechanic/Content/MyContent/EnemyAI/AI/BehaviorTree/BTT/BTT_LineOfSightCheck.uasset" 295
"C:/Dokumente/Unreal Projects/HostageMechanic/Content/MyContent/EnemyAI/AI/BehaviorTree/BTT/BTT_IncreaseAwareness.uasset" 296
"C:/Dokumente/Unreal Projects/HostageMechanic/Content/MyContent/EnemyAI/AI/BehaviorTree/BTT/BTT_DecreaseAwareness.uasset" 297
"C:/Dokumente/Unreal Projects/HostageMechanic/Content/MyContent/Animation/Attack.uasset" 298
"C:/Dokumente/Unreal Projects/HostageMechanic/Content/MyContent/Animation/Attack_Montage.uasset" 299
"C:/Dokumente/Unreal Projects/HostageMechanic/Content/MyContent/EnemyAI/AI/BehaviorTree/BTT/BTT_Attack.uasset" 300
"C:/Dokumente/Unreal Projects/HostageMechanic/Content/MyContent/EnemyAI/AI/BehaviorTree/BB_Enemy.uasset" 301
"C:/Dokumente/Unreal Projects/HostageMechanic/Content/MyContent/EnemyAI/AI/BehaviorTree/BT_Enemy.uasset" 302
"C:/Dokumente/Unreal Projects/HostageMechanic/Content/MyContent/EnemyAI/AI/AIC_Enemy.uasset" 303
"C:/Dokumente/Unreal Projects/HostageMechanic/Content/PrototypeWeap/Sound/Rifle/RifleA_Fire01.uasset" 304
"C:/Dokumente/Unreal Projects/HostageMechanic/Content/MyContent/Animation/Strafe_Left.uasset" 305
"C:/Dokumente/Unreal Projects/HostageMechanic/Content/MyContent/Animation/Attack_Idle.uasset" 306
"C:/Dokumente/Unreal Projects/HostageMechanic/Content/MyContent/Animation/AttackStrafing.uasset" 307
"C:/Dokumente/Unreal Projects/HostageMechanic/Content/MyContent/Animation/Surrender.uasset" 308
"C:/Dokumente/Unreal Projects/HostageMechanic/Content/MyContent/Animation/Spotted.uasset" 309
"C:/Dokumente/Unreal Projects/HostageMechanic/Content/MyContent/Animation/OnGuard.uasset" 310
"C:/Dokumente/Unreal Projects/HostageMechanic/Content/MyContent/Animation/Death.uasset" 311
"C:/Dokumente/Unreal Projects/HostageMechanic/Content/MyContent/Animation/ABP_EnemyAI.uasset" 312
"C:/Dokumente/Unreal Projects/HostageMechanic/Content/MyContent/EnemyAI/AI/BP_EnemyAI.uasset" 313
"C:/Dokumente/Unreal Projects/HostageMechanic/Content/Geometry/Meshes/CubeMaterial.uasset" 314
"C:/Dokumente/Unreal Projects/HostageMechanic/Content/Geometry/Meshes/1M_Cube.uasset" 315
"C:/Dokumente/Unreal Projects/HostageMechanic/Content/MyContent/Maps/PrototypeMap.umap" 316
"../../../Engine/Content/Maps/Entry_BuiltData.uasset" 317
"../../../Engine/Content/Maps/Entry.umap" 318
