"../../../Engine/Content/EngineMaterials/T_Default_Material_Grid_M.ubulk" 0
"../../../Engine/Content/EngineMaterials/T_Default_Material_Grid_M.uasset" 1
"../../../Engine/Content/EngineMaterials/T_Default_Material_Grid_M.uexp" 2
"../../../Engine/Content/EngineMaterials/T_Default_Material_Grid_N.ubulk" 3
"../../../Engine/Content/EngineMaterials/T_Default_Material_Grid_N.uasset" 4
"../../../Engine/Content/EngineMaterials/T_Default_Material_Grid_N.uexp" 5
"../../../Engine/Content/Functions/Engine_MaterialFunctions01/Opacity/CameraDepthFade.uasset" 6
"../../../Engine/Content/Functions/Engine_MaterialFunctions01/Opacity/CameraDepthFade.uexp" 7
"../../../Engine/Content/EngineMaterials/DefaultMaterial.uasset" 8
"../../../Engine/Content/EngineMaterials/DefaultMaterial.uexp" 9
"../../../Engine/Content/BasicShapes/Sphere.uasset" 10
"../../../Engine/Content/BasicShapes/Sphere.uexp" 11
"../../../Engine/Content/EngineMaterials/WorldGridMaterial.uasset" 12
"../../../Engine/Content/EngineMaterials/WorldGridMaterial.uexp" 13
"../../../Engine/Content/BasicShapes/Plane.uasset" 14
"../../../Engine/Content/BasicShapes/Plane.uexp" 15
"../../../Engine/Content/BasicShapes/Cylinder.uasset" 16
"../../../Engine/Content/BasicShapes/Cylinder.uexp" 17
"../../../Engine/Content/BasicShapes/Cube.uasset" 18
"../../../Engine/Content/BasicShapes/Cube.uexp" 19
"../../../Engine/Content/BasicShapes/Cone.uasset" 20
"../../../Engine/Content/BasicShapes/Cone.uexp" 21
"../../../Engine/Content/ArtTools/RenderToTexture/Meshes/S_1_Unit_Plane.uasset" 22
"../../../Engine/Content/ArtTools/RenderToTexture/Meshes/S_1_Unit_Plane.uexp" 23
"../../../Engine/Content/EditorLandscapeResources/DefaultAlphaTexture.uasset" 24
"../../../Engine/Content/EditorLandscapeResources/DefaultAlphaTexture.uexp" 25
"../../../Engine/Content/EditorLandscapeResources/DataLayer.uasset" 26
"../../../Engine/Content/EditorLandscapeResources/DataLayer.uexp" 27
"../../../Engine/Content/EditorMaterials/PreviewShadowIndicator.ubulk" 28
"../../../Engine/Content/EditorMaterials/PreviewShadowIndicator.uasset" 29
"../../../Engine/Content/EditorMaterials/PreviewShadowIndicator.uexp" 30
"../../../Engine/Content/EditorMaterials/PreviewShadowIndicatorMaterial.uasset" 31
"../../../Engine/Content/EditorMaterials/PreviewShadowIndicatorMaterial.uexp" 32
"../../../Engine/Content/EditorMaterials/MAT_Groups_Visibility.uasset" 33
"../../../Engine/Content/EditorMaterials/MAT_Groups_Visibility.uexp" 34
"../../../Engine/Content/EditorMaterials/MAT_Groups_Toggle.uasset" 35
"../../../Engine/Content/EditorMaterials/MAT_Groups_Toggle.uexp" 36
"../../../Engine/Content/EditorMaterials/MatineeGroups/MAT_Groups_Vector.uasset" 37
"../../../Engine/Content/EditorMaterials/MatineeGroups/MAT_Groups_Vector.uexp" 38
"../../../Engine/Content/EditorMaterials/MatineeGroups/MAT_Groups_Sound.uasset" 39
"../../../Engine/Content/EditorMaterials/MatineeGroups/MAT_Groups_Sound.uexp" 40
"../../../Engine/Content/EditorMaterials/MatineeGroups/MAT_Groups_Slomo.uasset" 41
"../../../Engine/Content/EditorMaterials/MatineeGroups/MAT_Groups_Slomo.uexp" 42
"../../../Engine/Content/EditorMaterials/MatineeGroups/MAT_Groups_Move.uasset" 43
"../../../Engine/Content/EditorMaterials/MatineeGroups/MAT_Groups_Move.uexp" 44
"../../../Engine/Content/EditorMaterials/MatineeGroups/MAT_Groups_Float.uasset" 45
"../../../Engine/Content/EditorMaterials/MatineeGroups/MAT_Groups_Float.uexp" 46
"../../../Engine/Content/EditorMaterials/MatineeGroups/MAT_Groups_Fade.uasset" 47
"../../../Engine/Content/EditorMaterials/MatineeGroups/MAT_Groups_Fade.uexp" 48
"../../../Engine/Content/EditorMaterials/MatineeGroups/MAT_Groups_Event.uasset" 49
"../../../Engine/Content/EditorMaterials/MatineeGroups/MAT_Groups_Event.uexp" 50
"../../../Engine/Content/EditorMaterials/MatineeGroups/MAT_Groups_Director.uasset" 51
"../../../Engine/Content/EditorMaterials/MatineeGroups/MAT_Groups_Director.uexp" 52
"../../../Engine/Content/EditorMaterials/MatineeGroups/MAT_Groups_AudioMaster.uasset" 53
"../../../Engine/Content/EditorMaterials/MatineeGroups/MAT_Groups_AudioMaster.uexp" 54
"../../../Engine/Content/EditorMaterials/MatineeGroups/MAT_Groups_Anim.uasset" 55
"../../../Engine/Content/EditorMaterials/MatineeGroups/MAT_Groups_Anim.uexp" 56
"../../../Engine/Content/EditorMaterials/ParticleSystems/PSysThumbnail_OOD.ubulk" 57
"../../../Engine/Content/EditorMaterials/ParticleSystems/PSysThumbnail_OOD.uasset" 58
"../../../Engine/Content/EditorMaterials/ParticleSystems/PSysThumbnail_OOD.uexp" 59
"../../../Engine/Content/EditorMaterials/ParticleSystems/PSysThumbnail_NoImage.ubulk" 60
"../../../Engine/Content/EditorMaterials/ParticleSystems/PSysThumbnail_NoImage.uasset" 61
"../../../Engine/Content/EditorMaterials/ParticleSystems/PSysThumbnail_NoImage.uexp" 62
"../../../Engine/Content/EditorMaterials/MatineeGroups/MAT_ColorTrack.uasset" 63
"../../../Engine/Content/EditorMaterials/MatineeGroups/MAT_ColorTrack.uexp" 64
"../../../Engine/Content/Functions/Engine_MaterialFunctions02/Utility/MakeFloat4.uasset" 65
"../../../Engine/Content/Functions/Engine_MaterialFunctions02/Utility/MakeFloat4.uexp" 66
"../../../Engine/Content/Functions/Engine_MaterialFunctions02/Utility/MakeFloat3.uasset" 67
"../../../Engine/Content/Functions/Engine_MaterialFunctions02/Utility/MakeFloat3.uexp" 68
"../../../Engine/Content/Functions/Engine_MaterialFunctions02/Utility/BreakOutFloat3Components.uasset" 69
"../../../Engine/Content/Functions/Engine_MaterialFunctions02/Utility/BreakOutFloat3Components.uexp" 70
"../../../Engine/Content/EditorMaterials/WorldPartition/WorldPartitionSpatialHashGridPreviewMaterial.uasset" 71
"../../../Engine/Content/EditorMaterials/WorldPartition/WorldPartitionSpatialHashGridPreviewMaterial.uexp" 72
"../../../Engine/Content/EditorMaterials/Camera/CineMat.uasset" 73
"../../../Engine/Content/EditorMaterials/Camera/CineMat.uexp" 74
"../../../Engine/Content/EditorMaterials/Camera/MI_CineMat_Rig.uasset" 75
"../../../Engine/Content/EditorMaterials/Camera/MI_CineMat_Rig.uexp" 76
"../../../Engine/Content/EditorMeshes/Camera/SM_RailRig_Track.uasset" 77
"../../../Engine/Content/EditorMeshes/Camera/SM_RailRig_Track.uexp" 78
"../../../Engine/Content/EditorMeshes/Camera/SM_RailRig_Mount.uasset" 79
"../../../Engine/Content/EditorMeshes/Camera/SM_RailRig_Mount.uexp" 80
"../../../Engine/Content/EditorMeshes/Camera/SM_CraneRig_Mount.uasset" 81
"../../../Engine/Content/EditorMeshes/Camera/SM_CraneRig_Mount.uexp" 82
"../../../Engine/Content/EditorMeshes/Camera/SM_CraneRig_Body.uasset" 83
"../../../Engine/Content/EditorMeshes/Camera/SM_CraneRig_Body.uexp" 84
"../../../Engine/Content/EditorMeshes/Camera/SM_CraneRig_Base.uasset" 85
"../../../Engine/Content/EditorMeshes/Camera/SM_CraneRig_Base.uexp" 86
"../../../Engine/Content/EditorMeshes/Camera/SM_CraneRig_Arm.uasset" 87
"../../../Engine/Content/EditorMeshes/Camera/SM_CraneRig_Arm.uexp" 88
"../../../Engine/Content/EditorResources/S_TriggerSphere.uasset" 89
"../../../Engine/Content/EditorResources/S_TriggerSphere.uexp" 90
"../../../Engine/Content/EditorResources/S_TriggerCapsule.uasset" 91
"../../../Engine/Content/EditorResources/S_TriggerCapsule.uexp" 92
"../../../Engine/Content/EditorResources/S_TriggerBox.uasset" 93
"../../../Engine/Content/EditorResources/S_TriggerBox.uexp" 94
"../../../Engine/Content/EditorResources/S_Trigger.ubulk" 95
"../../../Engine/Content/EditorResources/S_Trigger.uasset" 96
"../../../Engine/Content/EditorResources/S_Trigger.uexp" 97
"../../../Engine/Content/EditorResources/S_Terrain.ubulk" 98
"../../../Engine/Content/EditorResources/S_Terrain.uasset" 99
"../../../Engine/Content/EditorResources/S_Terrain.uexp" 100
"../../../Engine/Content/EditorResources/S_Solver.ubulk" 101
"../../../Engine/Content/EditorResources/S_Solver.uasset" 102
"../../../Engine/Content/EditorResources/S_Solver.uexp" 103
"../../../Engine/Content/EditorResources/S_BoxReflectionCapture.uasset" 104
"../../../Engine/Content/EditorResources/S_BoxReflectionCapture.uexp" 105
"../../../Engine/Content/EditorResources/S_Actor.ubulk" 106
"../../../Engine/Content/EditorResources/S_Actor.uasset" 107
"../../../Engine/Content/EditorResources/S_Actor.uexp" 108
"../../../Engine/Content/EditorResources/EmptyActor.uasset" 109
"../../../Engine/Content/EditorResources/EmptyActor.uexp" 110
"../../../Engine/Content/EditorResources/BSPVertex.uasset" 111
"../../../Engine/Content/EditorResources/BSPVertex.uexp" 112
"../../../Engine/Content/EditorResources/LightIcons/S_LightError.uasset" 113
"../../../Engine/Content/EditorResources/LightIcons/S_LightError.uexp" 114
"../../../Engine/Content/EditorResources/SequenceRecorder/RecordingIndicator.uasset" 115
"../../../Engine/Content/EditorResources/SequenceRecorder/RecordingIndicator.uexp" 116
"../../../Engine/Content/EditorResources/SequenceRecorder/Countdown.uasset" 117
"../../../Engine/Content/EditorResources/SequenceRecorder/Countdown.uexp" 118
"../../../Engine/Content/EngineDamageTypes/DmgTypeBP_Environmental.uasset" 119
"../../../Engine/Content/EngineDamageTypes/DmgTypeBP_Environmental.uexp" 120
"../../../Engine/Content/Functions/Engine_MaterialFunctions02/Utility/CameraDirectionVector.uasset" 121
"../../../Engine/Content/Functions/Engine_MaterialFunctions02/Utility/CameraDirectionVector.uexp" 122
"../../../Engine/Content/EngineDebugMaterials/VolumeToRender.uasset" 123
"../../../Engine/Content/EngineDebugMaterials/VolumeToRender.uexp" 124
"../../../Engine/Content/EngineDebugMaterials/M_VolumeRenderSphereTracePP.uasset" 125
"../../../Engine/Content/EngineDebugMaterials/M_VolumeRenderSphereTracePP.uexp" 126
"../../../Engine/Content/EngineDebugMaterials/M_SimpleUnlitTranslucent.uasset" 127
"../../../Engine/Content/EngineDebugMaterials/M_SimpleUnlitTranslucent.uexp" 128
"../../../Engine/Content/EngineDebugMaterials/DebugMeshMaterial.uasset" 129
"../../../Engine/Content/EngineDebugMaterials/DebugMeshMaterial.uexp" 130
"../../../Engine/Content/EngineDebugMaterials/DebugEditorMaterial.uasset" 131
"../../../Engine/Content/EngineDebugMaterials/DebugEditorMaterial.uexp" 132
"../../../Engine/Content/EngineFonts/Faces/RobotoLight.uexp" 133
"../../../Engine/Content/EngineFonts/Faces/RobotoLight.uasset" 134
"../../../Engine/Content/EngineFonts/Faces/RobotoLight.ufont" 135
"../../../Engine/Content/EngineFonts/Faces/RobotoBold.uexp" 136
"../../../Engine/Content/EngineFonts/Faces/RobotoBold.uasset" 137
"../../../Engine/Content/EngineFonts/Faces/RobotoBold.ufont" 138
"../../../Engine/Content/EngineFonts/Faces/RobotoRegular.uexp" 139
"../../../Engine/Content/EngineFonts/Faces/RobotoRegular.uasset" 140
"../../../Engine/Content/EngineFonts/Faces/RobotoRegular.ufont" 141
"../../../Engine/Content/EngineFonts/Faces/DroidSansFallback.uexp" 142
"../../../Engine/Content/EngineFonts/Faces/DroidSansFallback.uasset" 143
"../../../Engine/Content/EngineFonts/Faces/DroidSansFallback.ufont" 144
"../../../Engine/Content/EngineFonts/Faces/RobotoItalic.uexp" 145
"../../../Engine/Content/EngineFonts/Faces/RobotoItalic.uasset" 146
"../../../Engine/Content/EngineFonts/Faces/RobotoItalic.ufont" 147
"../../../Engine/Content/EngineFonts/Faces/RobotoBoldItalic.uexp" 148
"../../../Engine/Content/EngineFonts/Faces/RobotoBoldItalic.uasset" 149
"../../../Engine/Content/EngineFonts/Faces/RobotoBoldItalic.ufont" 150
"../../../Engine/Content/EngineFonts/Roboto.uasset" 151
"../../../Engine/Content/EngineFonts/Roboto.uexp" 152
"../../../Engine/Content/EngineResources/WhiteSquareTexture.uasset" 153
"../../../Engine/Content/EngineResources/WhiteSquareTexture.uexp" 154
"../../../Engine/Content/EngineMaterials/Widget3DPassThrough.uasset" 155
"../../../Engine/Content/EngineMaterials/Widget3DPassThrough.uexp" 156
"../../../Engine/Content/EngineMaterials/Widget3DPassThrough_Translucent.uasset" 157
"../../../Engine/Content/EngineMaterials/Widget3DPassThrough_Translucent.uexp" 158
"../../../Engine/Content/EngineMaterials/Widget3DPassThrough_Translucent_OneSided.uasset" 159
"../../../Engine/Content/EngineMaterials/Widget3DPassThrough_Translucent_OneSided.uexp" 160
"../../../Engine/Content/EngineMaterials/Widget3DPassThrough_Opaque.uasset" 161
"../../../Engine/Content/EngineMaterials/Widget3DPassThrough_Opaque.uexp" 162
"../../../Engine/Content/EngineMaterials/Widget3DPassThrough_Opaque_OneSided.uasset" 163
"../../../Engine/Content/EngineMaterials/Widget3DPassThrough_Opaque_OneSided.uexp" 164
"../../../Engine/Content/EngineMaterials/Widget3DPassThrough_Masked_OneSided.uasset" 165
"../../../Engine/Content/EngineMaterials/Widget3DPassThrough_Masked_OneSided.uexp" 166
"../../../Engine/Content/EngineMaterials/Widget3DPassThrough_Masked.uasset" 167
"../../../Engine/Content/EngineMaterials/Widget3DPassThrough_Masked.uexp" 168
"../../../Engine/Content/EngineMaterials/WeightMapPlaceholderTexture.uasset" 169
"../../../Engine/Content/EngineMaterials/WeightMapPlaceholderTexture.uexp" 170
"../../../Engine/Content/EngineMaterials/RemoveSurfaceMaterial.uasset" 171
"../../../Engine/Content/EngineMaterials/RemoveSurfaceMaterial.uexp" 172
"../../../Engine/Content/EngineMaterials/PreintegratedSkinBRDF.uasset" 173
"../../../Engine/Content/EngineMaterials/PreintegratedSkinBRDF.uexp" 174
"../../../Engine/Content/EngineMaterials/DefaultCalibrationGrayscale.uasset" 175
"../../../Engine/Content/EngineMaterials/DefaultCalibrationGrayscale.uexp" 176
"../../../Engine/Content/EngineMaterials/PPM_DefaultCalibrationGrayscale.uasset" 177
"../../../Engine/Content/EngineMaterials/PPM_DefaultCalibrationGrayscale.uexp" 178
"../../../Engine/Content/EngineMaterials/DefaultCalibrationColor.uasset" 179
"../../../Engine/Content/EngineMaterials/DefaultCalibrationColor.uexp" 180
"../../../Engine/Content/EngineMaterials/PPM_DefaultCalibrationColor.uasset" 181
"../../../Engine/Content/EngineMaterials/PPM_DefaultCalibrationColor.uexp" 182
"../../../Engine/Content/EngineMeshes/Sphere.uasset" 183
"../../../Engine/Content/EngineMeshes/Sphere.uexp" 184
"../../../Engine/Content/Functions/Engine_MaterialFunctions02/WorldPositionOffset/CameraOffset.uasset" 185
"../../../Engine/Content/Functions/Engine_MaterialFunctions02/WorldPositionOffset/CameraOffset.uexp" 186
"../../../Engine/Content/EngineMaterials/PhAT_JointLimitMaterial.uasset" 187
"../../../Engine/Content/EngineMaterials/PhAT_JointLimitMaterial.uexp" 188
"../../../Engine/Content/EngineMaterials/InvalidLightmapSettings.ubulk" 189
"../../../Engine/Content/EngineMaterials/InvalidLightmapSettings.uasset" 190
"../../../Engine/Content/EngineMaterials/InvalidLightmapSettings.uexp" 191
"../../../Engine/Content/EngineMaterials/M_InvalidLightmapSettings.uasset" 192
"../../../Engine/Content/EngineMaterials/M_InvalidLightmapSettings.uexp" 193
"../../../Engine/Content/EngineMaterials/MiniFont.uasset" 194
"../../../Engine/Content/EngineMaterials/MiniFont.uexp" 195
"../../../Engine/Content/EngineMaterials/Good64x64TilingNoiseHighFreq.uasset" 196
"../../../Engine/Content/EngineMaterials/Good64x64TilingNoiseHighFreq.uexp" 197
"../../../Engine/Content/EngineMaterials/GizmoMaterial.uasset" 198
"../../../Engine/Content/EngineMaterials/GizmoMaterial.uexp" 199
"../../../Engine/Content/EngineMaterials/BaseFlattenEmissiveMap_VT.uasset" 200
"../../../Engine/Content/EngineMaterials/BaseFlattenEmissiveMap_VT.uexp" 201
"../../../Engine/Content/EngineMaterials/BaseFlattenGrayscaleMap_VT.uasset" 202
"../../../Engine/Content/EngineMaterials/BaseFlattenGrayscaleMap_VT.uexp" 203
"../../../Engine/Content/EngineMaterials/BaseFlattenLinearColor_VT.uasset" 204
"../../../Engine/Content/EngineMaterials/BaseFlattenLinearColor_VT.uexp" 205
"../../../Engine/Content/EngineMaterials/Black_1x1_EXR_Texture_VT.uasset" 206
"../../../Engine/Content/EngineMaterials/Black_1x1_EXR_Texture_VT.uexp" 207
"../../../Engine/Content/EngineMaterials/BaseFlattenDiffuseMap_VT.uasset" 208
"../../../Engine/Content/EngineMaterials/BaseFlattenDiffuseMap_VT.uexp" 209
"../../../Engine/Content/EngineMaterials/BaseFlattenNormalMap_VT.uasset" 210
"../../../Engine/Content/EngineMaterials/BaseFlattenNormalMap_VT.uexp" 211
"../../../Engine/Content/EngineMaterials/FlattenMaterial_WS_Normal_VT.uasset" 212
"../../../Engine/Content/EngineMaterials/FlattenMaterial_WS_Normal_VT.uexp" 213
"../../../Engine/Content/EngineMaterials/FlattenMaterial_VT.uasset" 214
"../../../Engine/Content/EngineMaterials/FlattenMaterial_VT.uexp" 215
"../../../Engine/Content/EngineMaterials/BaseFlattenNormalMap.uasset" 216
"../../../Engine/Content/EngineMaterials/BaseFlattenNormalMap.uexp" 217
"../../../Engine/Content/EngineMaterials/BaseFlattenGrayscaleMap.uasset" 218
"../../../Engine/Content/EngineMaterials/BaseFlattenGrayscaleMap.uexp" 219
"../../../Engine/Content/EngineMaterials/BaseFlattenDiffuseMap.uasset" 220
"../../../Engine/Content/EngineMaterials/BaseFlattenDiffuseMap.uexp" 221
"../../../Engine/Content/Functions/Engine_MaterialFunctions02/PivotPainter2/Black_1x1_EXR_Texture.uasset" 222
"../../../Engine/Content/Functions/Engine_MaterialFunctions02/PivotPainter2/Black_1x1_EXR_Texture.uexp" 223
"../../../Engine/Content/EngineMaterials/BaseFlattenEmissiveMap.uasset" 224
"../../../Engine/Content/EngineMaterials/BaseFlattenEmissiveMap.uexp" 225
"../../../Engine/Content/EngineMaterials/BaseFlattenLinearColor.uasset" 226
"../../../Engine/Content/EngineMaterials/BaseFlattenLinearColor.uexp" 227
"../../../Engine/Content/EngineMaterials/FlattenMaterial.uasset" 228
"../../../Engine/Content/EngineMaterials/FlattenMaterial.uexp" 229
"../../../Engine/Content/EngineMaterials/DefaultWhiteGrid_Low.uasset" 230
"../../../Engine/Content/EngineMaterials/DefaultWhiteGrid_Low.uexp" 231
"../../../Engine/Content/EngineMaterials/EmissiveMeshMaterial.uasset" 232
"../../../Engine/Content/EngineMaterials/EmissiveMeshMaterial.uexp" 233
"../../../Engine/Content/EngineMaterials/DefaultWhiteGrid.ubulk" 234
"../../../Engine/Content/EngineMaterials/DefaultWhiteGrid.uasset" 235
"../../../Engine/Content/EngineMaterials/DefaultWhiteGrid.uexp" 236
"../../../Engine/Content/EngineFonts/RobotoDistanceField.uasset" 237
"../../../Engine/Content/EngineFonts/RobotoDistanceField.uexp" 238
"../../../Engine/Content/EngineMaterials/DefaultTextMaterialOpaque.uasset" 239
"../../../Engine/Content/EngineMaterials/DefaultTextMaterialOpaque.uexp" 240
"../../../Engine/Content/EngineMaterials/DefaultDiffuse.ubulk" 241
"../../../Engine/Content/EngineMaterials/DefaultDiffuse.uasset" 242
"../../../Engine/Content/EngineMaterials/DefaultDiffuse.uexp" 243
"../../../Engine/Content/Functions/Engine_MaterialFunctions02/Utility/BreakOutFloat2Components.uasset" 244
"../../../Engine/Content/Functions/Engine_MaterialFunctions02/Utility/BreakOutFloat2Components.uexp" 245
"../../../Engine/Content/EngineMaterials/DefaultPostProcessMaterial.uasset" 246
"../../../Engine/Content/EngineMaterials/DefaultPostProcessMaterial.uexp" 247
"../../../Engine/Content/EngineMaterials/DefaultPhysicalMaterial.uasset" 248
"../../../Engine/Content/EngineMaterials/DefaultPhysicalMaterial.uexp" 249
"../../../Engine/Content/EngineMaterials/DefaultLightFunctionMaterial.uasset" 250
"../../../Engine/Content/EngineMaterials/DefaultLightFunctionMaterial.uexp" 251
"../../../Engine/Content/EngineMaterials/DefaultDestructiblePhysicalMaterial.uasset" 252
"../../../Engine/Content/EngineMaterials/DefaultDestructiblePhysicalMaterial.uexp" 253
"../../../Engine/Content/EngineMaterials/DefaultDeferredDecalMaterial.uasset" 254
"../../../Engine/Content/EngineMaterials/DefaultDeferredDecalMaterial.uexp" 255
"../../../Engine/Content/EngineMaterials/DefaultBokeh.uasset" 256
"../../../Engine/Content/EngineMaterials/DefaultBokeh.uexp" 257
"../../../Engine/Content/EngineMaterials/DefaultBloomKernel.uasset" 258
"../../../Engine/Content/EngineMaterials/DefaultBloomKernel.uexp" 259
"../../../Engine/Content/EngineMaterials/BlueNoise.uasset" 260
"../../../Engine/Content/EngineMaterials/BlueNoise.uexp" 261
"../../../Engine/Content/EngineResources/GradientTexture0.uasset" 262
"../../../Engine/Content/EngineResources/GradientTexture0.uexp" 263
"../../../Engine/Content/EngineResources/DefaultVolumeTexture2D.uasset" 264
"../../../Engine/Content/EngineResources/DefaultVolumeTexture2D.uexp" 265
"../../../Engine/Content/EngineResources/DefaultVolumeTexture.uasset" 266
"../../../Engine/Content/EngineResources/DefaultVolumeTexture.uexp" 267
"../../../Engine/Content/EngineResources/DefaultTextureCube.uasset" 268
"../../../Engine/Content/EngineResources/DefaultTextureCube.uexp" 269
"../../../Engine/Content/EngineResources/DefaultTexture.ubulk" 270
"../../../Engine/Content/EngineResources/DefaultTexture.uasset" 271
"../../../Engine/Content/EngineResources/DefaultTexture.uexp" 272
"../../../Engine/Content/EngineResources/FilmGrains/Marcie_Grain_v3_128_M2_000.uasset" 273
"../../../Engine/Content/EngineResources/FilmGrains/Marcie_Grain_v3_128_M2_000.uexp" 274
"../../../Engine/Content/EngineSky/VolumetricClouds/CloudWeatherTexture.uasset" 275
"../../../Engine/Content/EngineSky/VolumetricClouds/CloudWeatherTexture.uexp" 276
"../../../Engine/Content/Functions/Engine_MaterialFunctions02/Utility/MakeFloat2.uasset" 277
"../../../Engine/Content/Functions/Engine_MaterialFunctions02/Utility/MakeFloat2.uexp" 278
"../../../Engine/Content/EngineSky/VolumetricClouds/CloudGradientTexture.uasset" 279
"../../../Engine/Content/EngineSky/VolumetricClouds/CloudGradientTexture.uexp" 280
"../../../Engine/Content/EngineSky/VolumetricClouds/T_NoiseShape64.ubulk" 281
"../../../Engine/Content/EngineSky/VolumetricClouds/T_NoiseShape64.uasset" 282
"../../../Engine/Content/EngineSky/VolumetricClouds/T_NoiseShape64.uexp" 283
"../../../Engine/Content/EngineSky/VolumetricClouds/T_VolumeNoiseShape64.uasset" 284
"../../../Engine/Content/EngineSky/VolumetricClouds/T_VolumeNoiseShape64.uexp" 285
"../../../Engine/Content/EngineSky/VolumetricClouds/T_NoiseErosion.ubulk" 286
"../../../Engine/Content/EngineSky/VolumetricClouds/T_NoiseErosion.uasset" 287
"../../../Engine/Content/EngineSky/VolumetricClouds/T_NoiseErosion.uexp" 288
"../../../Engine/Content/EngineSky/VolumetricClouds/T_VolumeNoiseErosion32.uasset" 289
"../../../Engine/Content/EngineSky/VolumetricClouds/T_VolumeNoiseErosion32.uexp" 290
"../../../Engine/Content/EngineSky/VolumetricClouds/m_SimpleVolumetricCloud.uasset" 291
"../../../Engine/Content/EngineSky/VolumetricClouds/m_SimpleVolumetricCloud.uexp" 292
"../../../Engine/Content/EngineSky/VolumetricClouds/m_SimpleVolumetricCloud_Inst.uasset" 293
"../../../Engine/Content/EngineSky/VolumetricClouds/m_SimpleVolumetricCloud_Inst.uexp" 294
"../../../Engine/Content/EngineSounds/Master.uasset" 295
"../../../Engine/Content/EngineSounds/Master.uexp" 296
"../../../Engine/Content/Functions/Engine_MaterialFunctions01/Shading/PowerToRoughness.uasset" 297
"../../../Engine/Content/Functions/Engine_MaterialFunctions01/Shading/PowerToRoughness.uexp" 298
"../../../Engine/Content/MobileResources/HUD/VirtualJoystick_Background.uasset" 299
"../../../Engine/Content/MobileResources/HUD/VirtualJoystick_Background.uexp" 300
"../../../Engine/Content/MobileResources/HUD/VirtualJoystick_Thumb.uasset" 301
"../../../Engine/Content/MobileResources/HUD/VirtualJoystick_Thumb.uexp" 302
"../../../Engine/Content/MobileResources/HUD/DefaultVirtualJoysticks.uasset" 303
"../../../Engine/Content/MobileResources/HUD/DefaultVirtualJoysticks.uexp" 304
"../../../Engine/Content/Tutorial/ContentIntroCurve.uasset" 305
"../../../Engine/Content/Tutorial/ContentIntroCurve.uexp" 306
"../../../Engine/Content/VREditor/TransformGizmo/Main.uasset" 307
"../../../Engine/Content/VREditor/TransformGizmo/Main.uexp" 308
"../../../Engine/Content/VREditor/TransformGizmo/Xray.uasset" 309
"../../../Engine/Content/VREditor/TransformGizmo/Xray.uexp" 310
"../../../Engine/Content/VREditor/TransformGizmo/SM_Sequencer_Node.uasset" 311
"../../../Engine/Content/VREditor/TransformGizmo/SM_Sequencer_Node.uexp" 312
"../../../Engine/Content/VREditor/LaserPointer/VR_LaserPower_01.ubulk" 313
"../../../Engine/Content/VREditor/LaserPointer/VR_LaserPower_01.uasset" 314
"../../../Engine/Content/VREditor/LaserPointer/VR_LaserPower_01.uexp" 315
"../../../Engine/Content/VREditor/TransformGizmo/TransformGizmoMaterial.uasset" 316
"../../../Engine/Content/VREditor/TransformGizmo/TransformGizmoMaterial.uexp" 317
"../../../Engine/Content/VREditor/TransformGizmo/TranslucentTransformGizmoMaterial.uasset" 318
"../../../Engine/Content/VREditor/TransformGizmo/TranslucentTransformGizmoMaterial.uexp" 319
"../../../Engine/Content/VREditor/TransformGizmo/PlaneTranslationHandle.uasset" 320
"../../../Engine/Content/VREditor/TransformGizmo/PlaneTranslationHandle.uexp" 321
"../../../Engine/Content/VREditor/TransformGizmo/BoundingBoxEdge.uasset" 322
"../../../Engine/Content/VREditor/TransformGizmo/BoundingBoxEdge.uexp" 323
"../../../Engine/Content/VREditor/TransformGizmo/BoundingBoxCorner.uasset" 324
"../../../Engine/Content/VREditor/TransformGizmo/BoundingBoxCorner.uexp" 325
"../../../Engine/Plugins/2D/Paper2D/Content/PlaceholderTextures/DummySpriteTexture.ubulk" 326
"../../../Engine/Plugins/2D/Paper2D/Content/PlaceholderTextures/DummySpriteTexture.uasset" 327
"../../../Engine/Plugins/2D/Paper2D/Content/PlaceholderTextures/DummySpriteTexture.uexp" 328
"../../../Engine/Plugins/2D/Paper2D/Content/DefaultSpriteMaterial.uasset" 329
"../../../Engine/Plugins/2D/Paper2D/Content/DefaultSpriteMaterial.uexp" 330
"../../../Engine/Plugins/2D/Paper2D/Content/OpaqueUnlitSpriteMaterial.uasset" 331
"../../../Engine/Plugins/2D/Paper2D/Content/OpaqueUnlitSpriteMaterial.uexp" 332
"../../../Engine/Plugins/2D/Paper2D/Content/MaskedUnlitSpriteMaterial.uasset" 333
"../../../Engine/Plugins/2D/Paper2D/Content/MaskedUnlitSpriteMaterial.uexp" 334
"../../../Engine/Plugins/2D/Paper2D/Content/DummySprite.uasset" 335
"../../../Engine/Plugins/2D/Paper2D/Content/DummySprite.uexp" 336
"../../../Engine/Plugins/2D/Paper2D/Content/DefaultPaperTerrainMaterial.uasset" 337
"../../../Engine/Plugins/2D/Paper2D/Content/DefaultPaperTerrainMaterial.uexp" 338
"../../../Engine/Plugins/Animation/ControlRig/Content/M_Manip.uasset" 339
"../../../Engine/Plugins/Animation/ControlRig/Content/M_Manip.uexp" 340
"../../../Engine/Plugins/Animation/ControlRig/Content/Controls/DefaultGizmoLibraryNormalized.uasset" 341
"../../../Engine/Plugins/Animation/ControlRig/Content/Controls/DefaultGizmoLibraryNormalized.uexp" 342
"../../../Engine/Plugins/Animation/ControlRig/Content/Controls/ControlRig_Wedge_solid.uasset" 343
"../../../Engine/Plugins/Animation/ControlRig/Content/Controls/ControlRig_Wedge_solid.uexp" 344
"../../../Engine/Plugins/Animation/ControlRig/Content/Controls/ControlRig_Wedge_3mm.uasset" 345
"../../../Engine/Plugins/Animation/ControlRig/Content/Controls/ControlRig_Wedge_3mm.uexp" 346
"../../../Engine/Plugins/Animation/ControlRig/Content/Controls/ControlRig_Wedge_1mm.uasset" 347
"../../../Engine/Plugins/Animation/ControlRig/Content/Controls/ControlRig_Wedge_1mm.uexp" 348
"../../../Engine/Plugins/Animation/ControlRig/Content/Controls/ControlRig_Triangle_solid.uasset" 349
"../../../Engine/Plugins/Animation/ControlRig/Content/Controls/ControlRig_Triangle_solid.uexp" 350
"../../../Engine/Plugins/Animation/ControlRig/Content/Controls/ControlRig_Triangle_3mm.uasset" 351
"../../../Engine/Plugins/Animation/ControlRig/Content/Controls/ControlRig_Triangle_3mm.uexp" 352
"../../../Engine/Plugins/Animation/ControlRig/Content/Controls/ControlRig_Triangle_1mm.uasset" 353
"../../../Engine/Plugins/Animation/ControlRig/Content/Controls/ControlRig_Triangle_1mm.uexp" 354
"../../../Engine/Plugins/Animation/ControlRig/Content/Controls/ControlRig_Star4_solid.uasset" 355
"../../../Engine/Plugins/Animation/ControlRig/Content/Controls/ControlRig_Star4_solid.uexp" 356
"../../../Engine/Plugins/Animation/ControlRig/Content/Controls/ControlRig_Star4_3mm.uasset" 357
"../../../Engine/Plugins/Animation/ControlRig/Content/Controls/ControlRig_Star4_3mm.uexp" 358
"../../../Engine/Plugins/Animation/ControlRig/Content/Controls/ControlRig_Star4_1mm.uasset" 359
"../../../Engine/Plugins/Animation/ControlRig/Content/Controls/ControlRig_Star4_1mm.uexp" 360
"../../../Engine/Plugins/Animation/ControlRig/Content/Controls/ControlRig_Square_solid.uasset" 361
"../../../Engine/Plugins/Animation/ControlRig/Content/Controls/ControlRig_Square_solid.uexp" 362
"../../../Engine/Plugins/Animation/ControlRig/Content/Controls/ControlRig_Square_3mm.uasset" 363
"../../../Engine/Plugins/Animation/ControlRig/Content/Controls/ControlRig_Square_3mm.uexp" 364
"../../../Engine/Plugins/Animation/ControlRig/Content/Controls/ControlRig_Square_1mm.uasset" 365
"../../../Engine/Plugins/Animation/ControlRig/Content/Controls/ControlRig_Square_1mm.uexp" 366
"../../../Engine/Plugins/Animation/ControlRig/Content/Controls/ControlRig_Sphere_solid.uasset" 367
"../../../Engine/Plugins/Animation/ControlRig/Content/Controls/ControlRig_Sphere_solid.uexp" 368
"../../../Engine/Plugins/Animation/ControlRig/Content/Controls/ControlRig_Sphere_3mm.uasset" 369
"../../../Engine/Plugins/Animation/ControlRig/Content/Controls/ControlRig_Sphere_3mm.uexp" 370
"../../../Engine/Plugins/Animation/ControlRig/Content/Controls/ControlRig_Sphere_1mm.uasset" 371
"../../../Engine/Plugins/Animation/ControlRig/Content/Controls/ControlRig_Sphere_1mm.uexp" 372
"../../../Engine/Plugins/Animation/ControlRig/Content/Controls/ControlRig_RoundedTriangle_solid.uasset" 373
"../../../Engine/Plugins/Animation/ControlRig/Content/Controls/ControlRig_RoundedTriangle_solid.uexp" 374
"../../../Engine/Plugins/Animation/ControlRig/Content/Controls/ControlRig_RoundedTriangle_3mm.uasset" 375
"../../../Engine/Plugins/Animation/ControlRig/Content/Controls/ControlRig_RoundedTriangle_3mm.uexp" 376
"../../../Engine/Plugins/Animation/ControlRig/Content/Controls/ControlRig_RoundedTriangle_1mm.uasset" 377
"../../../Engine/Plugins/Animation/ControlRig/Content/Controls/ControlRig_RoundedTriangle_1mm.uexp" 378
"../../../Engine/Plugins/Animation/ControlRig/Content/Controls/ControlRig_RoundedSquare_solid.uasset" 379
"../../../Engine/Plugins/Animation/ControlRig/Content/Controls/ControlRig_RoundedSquare_solid.uexp" 380
"../../../Engine/Plugins/Animation/ControlRig/Content/Controls/ControlRig_RoundedSquare_3mm.uasset" 381
"../../../Engine/Plugins/Animation/ControlRig/Content/Controls/ControlRig_RoundedSquare_3mm.uexp" 382
"../../../Engine/Plugins/Animation/ControlRig/Content/Controls/ControlRig_RoundedSquare_1mm.uasset" 383
"../../../Engine/Plugins/Animation/ControlRig/Content/Controls/ControlRig_RoundedSquare_1mm.uexp" 384
"../../../Engine/Plugins/Animation/ControlRig/Content/Controls/ControlRig_QuarterCircle_solid.uasset" 385
"../../../Engine/Plugins/Animation/ControlRig/Content/Controls/ControlRig_QuarterCircle_solid.uexp" 386
"../../../Engine/Plugins/Animation/ControlRig/Content/Controls/ControlRig_QuarterCircle_3mm.uasset" 387
"../../../Engine/Plugins/Animation/ControlRig/Content/Controls/ControlRig_QuarterCircle_3mm.uexp" 388
"../../../Engine/Plugins/Animation/ControlRig/Content/Controls/ControlRig_QuarterCircle_1mm.uasset" 389
"../../../Engine/Plugins/Animation/ControlRig/Content/Controls/ControlRig_QuarterCircle_1mm.uexp" 390
"../../../Engine/Plugins/Animation/ControlRig/Content/Controls/ControlRig_Pyramid_solid.uasset" 391
"../../../Engine/Plugins/Animation/ControlRig/Content/Controls/ControlRig_Pyramid_solid.uexp" 392
"../../../Engine/Plugins/Animation/ControlRig/Content/Controls/ControlRig_Pyramid_3mm.uasset" 393
"../../../Engine/Plugins/Animation/ControlRig/Content/Controls/ControlRig_Pyramid_3mm.uexp" 394
"../../../Engine/Plugins/Animation/ControlRig/Content/Controls/ControlRig_Pyramid_1mm.uasset" 395
"../../../Engine/Plugins/Animation/ControlRig/Content/Controls/ControlRig_Pyramid_1mm.uexp" 396
"../../../Engine/Plugins/Animation/ControlRig/Content/Controls/ControlRig_Octagon_solid.uasset" 397
"../../../Engine/Plugins/Animation/ControlRig/Content/Controls/ControlRig_Octagon_solid.uexp" 398
"../../../Engine/Plugins/Animation/ControlRig/Content/Controls/ControlRig_Octagon_3mm.uasset" 399
"../../../Engine/Plugins/Animation/ControlRig/Content/Controls/ControlRig_Octagon_3mm.uexp" 400
"../../../Engine/Plugins/Animation/ControlRig/Content/Controls/ControlRig_Octagon_1mm.uasset" 401
"../../../Engine/Plugins/Animation/ControlRig/Content/Controls/ControlRig_Octagon_1mm.uexp" 402
"../../../Engine/Plugins/Animation/ControlRig/Content/Controls/ControlRig_Hexagon_solid.uasset" 403
"../../../Engine/Plugins/Animation/ControlRig/Content/Controls/ControlRig_Hexagon_solid.uexp" 404
"../../../Engine/Plugins/Animation/ControlRig/Content/Controls/ControlRig_Hexagon_3mm.uasset" 405
"../../../Engine/Plugins/Animation/ControlRig/Content/Controls/ControlRig_Hexagon_3mm.uexp" 406
"../../../Engine/Plugins/Animation/ControlRig/Content/Controls/ControlRig_Hexagon_1mm.uasset" 407
"../../../Engine/Plugins/Animation/ControlRig/Content/Controls/ControlRig_Hexagon_1mm.uexp" 408
"../../../Engine/Plugins/Animation/ControlRig/Content/Controls/ControlRig_HalfCircle_solid.uasset" 409
"../../../Engine/Plugins/Animation/ControlRig/Content/Controls/ControlRig_HalfCircle_solid.uexp" 410
"../../../Engine/Plugins/Animation/ControlRig/Content/Controls/ControlRig_HalfCircle_3mm.uasset" 411
"../../../Engine/Plugins/Animation/ControlRig/Content/Controls/ControlRig_HalfCircle_3mm.uexp" 412
"../../../Engine/Plugins/Animation/ControlRig/Content/Controls/ControlRig_HalfCircle_1mm.uasset" 413
"../../../Engine/Plugins/Animation/ControlRig/Content/Controls/ControlRig_HalfCircle_1mm.uexp" 414
"../../../Engine/Plugins/Animation/ControlRig/Content/Controls/ControlRig_Diamond_solid.uasset" 415
"../../../Engine/Plugins/Animation/ControlRig/Content/Controls/ControlRig_Diamond_solid.uexp" 416
"../../../Engine/Plugins/Animation/ControlRig/Content/Controls/ControlRig_Diamond_3mm.uasset" 417
"../../../Engine/Plugins/Animation/ControlRig/Content/Controls/ControlRig_Diamond_3mm.uexp" 418
"../../../Engine/Plugins/Animation/ControlRig/Content/Controls/ControlRig_Diamond_1mm.uasset" 419
"../../../Engine/Plugins/Animation/ControlRig/Content/Controls/ControlRig_Diamond_1mm.uexp" 420
"../../../Engine/Plugins/Animation/ControlRig/Content/Controls/ControlRig_Circle_solid.uasset" 421
"../../../Engine/Plugins/Animation/ControlRig/Content/Controls/ControlRig_Circle_solid.uexp" 422
"../../../Engine/Plugins/Animation/ControlRig/Content/Controls/ControlRig_Circle_3mm.uasset" 423
"../../../Engine/Plugins/Animation/ControlRig/Content/Controls/ControlRig_Circle_3mm.uexp" 424
"../../../Engine/Plugins/Animation/ControlRig/Content/Controls/ControlRig_Circle_1mm.uasset" 425
"../../../Engine/Plugins/Animation/ControlRig/Content/Controls/ControlRig_Circle_1mm.uexp" 426
"../../../Engine/Plugins/Animation/ControlRig/Content/Controls/ControlRig_Box_solid.uasset" 427
"../../../Engine/Plugins/Animation/ControlRig/Content/Controls/ControlRig_Box_solid.uexp" 428
"../../../Engine/Plugins/Animation/ControlRig/Content/Controls/ControlRig_Box_3mm.uasset" 429
"../../../Engine/Plugins/Animation/ControlRig/Content/Controls/ControlRig_Box_3mm.uexp" 430
"../../../Engine/Plugins/Animation/ControlRig/Content/Controls/ControlRig_Box_1mm.uasset" 431
"../../../Engine/Plugins/Animation/ControlRig/Content/Controls/ControlRig_Box_1mm.uexp" 432
"../../../Engine/Plugins/Animation/ControlRig/Content/Controls/ControlRig_Arrow_solid.uasset" 433
"../../../Engine/Plugins/Animation/ControlRig/Content/Controls/ControlRig_Arrow_solid.uexp" 434
"../../../Engine/Plugins/Animation/ControlRig/Content/Controls/ControlRig_Arrow_3mm.uasset" 435
"../../../Engine/Plugins/Animation/ControlRig/Content/Controls/ControlRig_Arrow_3mm.uexp" 436
"../../../Engine/Plugins/Animation/ControlRig/Content/Controls/ControlRig_Arrow_1mm.uasset" 437
"../../../Engine/Plugins/Animation/ControlRig/Content/Controls/ControlRig_Arrow_1mm.uexp" 438
"../../../Engine/Plugins/Animation/ControlRig/Content/Controls/ControlRig_Arrow4_solid.uasset" 439
"../../../Engine/Plugins/Animation/ControlRig/Content/Controls/ControlRig_Arrow4_solid.uexp" 440
"../../../Engine/Plugins/Animation/ControlRig/Content/Controls/ControlRig_Arrow4_3mm.uasset" 441
"../../../Engine/Plugins/Animation/ControlRig/Content/Controls/ControlRig_Arrow4_3mm.uexp" 442
"../../../Engine/Plugins/Animation/ControlRig/Content/Controls/ControlRig_Arrow4_1mm.uasset" 443
"../../../Engine/Plugins/Animation/ControlRig/Content/Controls/ControlRig_Arrow4_1mm.uexp" 444
"../../../Engine/Plugins/Animation/ControlRig/Content/Controls/ControlRig_Arrow2_solid.uasset" 445
"../../../Engine/Plugins/Animation/ControlRig/Content/Controls/ControlRig_Arrow2_solid.uexp" 446
"../../../Engine/Plugins/Animation/ControlRig/Content/Controls/ControlRig_Arrow2_3mm.uasset" 447
"../../../Engine/Plugins/Animation/ControlRig/Content/Controls/ControlRig_Arrow2_3mm.uexp" 448
"../../../Engine/Plugins/Animation/ControlRig/Content/Controls/ControlRig_Arrow2_1mm.uasset" 449
"../../../Engine/Plugins/Animation/ControlRig/Content/Controls/ControlRig_Arrow2_1mm.uexp" 450
"../../../Engine/Plugins/Animation/ControlRig/Content/Controls/ControlRigGizmoMaterial.uasset" 451
"../../../Engine/Plugins/Animation/ControlRig/Content/Controls/ControlRigGizmoMaterial.uexp" 452
"../../../Engine/Plugins/Editor/SpeedTreeImporter/Content/SpeedTree9/game_wind_noise.ubulk" 453
"../../../Engine/Plugins/Editor/SpeedTreeImporter/Content/SpeedTree9/game_wind_noise.uasset" 454
"../../../Engine/Plugins/Editor/SpeedTreeImporter/Content/SpeedTree9/game_wind_noise.uexp" 455
"../../../Engine/Plugins/Editor/SpeedTreeImporter/Content/SpeedTree9/UnpackDirection.uasset" 456
"../../../Engine/Plugins/Editor/SpeedTreeImporter/Content/SpeedTree9/UnpackDirection.uexp" 457
"../../../Engine/Content/Functions/Engine_MaterialFunctions02/ObjectLocalBounds.uasset" 458
"../../../Engine/Content/Functions/Engine_MaterialFunctions02/ObjectLocalBounds.uexp" 459
"../../../Engine/Content/Functions/Engine_MaterialFunctions02/UVs/BoundingBoxBased_0-1_UVW.uasset" 460
"../../../Engine/Content/Functions/Engine_MaterialFunctions02/UVs/BoundingBoxBased_0-1_UVW.uexp" 461
"../../../Engine/Content/Functions/Engine_MaterialFunctions02/Utility/VectorLength.uasset" 462
"../../../Engine/Content/Functions/Engine_MaterialFunctions02/Utility/VectorLength.uexp" 463
"../../../Engine/Plugins/Editor/SpeedTreeImporter/Content/SpeedTree9/UnpackInteger3.uasset" 464
"../../../Engine/Plugins/Editor/SpeedTreeImporter/Content/SpeedTree9/UnpackInteger3.uexp" 465
"../../../Engine/Plugins/Editor/SpeedTreeImporter/Content/SpeedTree9/SpeedTreeCameraFacing.uasset" 466
"../../../Engine/Plugins/Editor/SpeedTreeImporter/Content/SpeedTree9/SpeedTreeCameraFacing.uexp" 467
"../../../Engine/Content/Functions/Engine_MaterialFunctions02/WorldPositionOffset/ObjectScale.uasset" 468
"../../../Engine/Content/Functions/Engine_MaterialFunctions02/WorldPositionOffset/ObjectScale.uexp" 469
"../../../Engine/Content/Functions/Engine_MaterialFunctions02/SafeNormalize.uasset" 470
"../../../Engine/Content/Functions/Engine_MaterialFunctions02/SafeNormalize.uexp" 471
"../../../Engine/Plugins/Editor/SpeedTreeImporter/Content/SpeedTree9/SpeedTreeWindMotion.uasset" 472
"../../../Engine/Plugins/Editor/SpeedTreeImporter/Content/SpeedTree9/SpeedTreeWindMotion.uexp" 473
"../../../Engine/Plugins/Editor/SpeedTreeImporter/Content/SpeedTree9/SpeedTreeBranchMotion.uasset" 474
"../../../Engine/Plugins/Editor/SpeedTreeImporter/Content/SpeedTree9/SpeedTreeBranchMotion.uexp" 475
"../../../Engine/Plugins/Editor/SpeedTreeImporter/Content/SpeedTree9/SpeedTreeWind.uasset" 476
"../../../Engine/Plugins/Editor/SpeedTreeImporter/Content/SpeedTree9/SpeedTreeWind.uexp" 477
"../../../Engine/Plugins/Editor/SpeedTreeImporter/Content/SpeedTree9/EmptyNormal.uasset" 478
"../../../Engine/Plugins/Editor/SpeedTreeImporter/Content/SpeedTree9/EmptyNormal.uexp" 479
"../../../Engine/Plugins/Editor/SpeedTreeImporter/Content/SpeedTree9/Empty.uasset" 480
"../../../Engine/Plugins/Editor/SpeedTreeImporter/Content/SpeedTree9/Empty.uexp" 481
"../../../Engine/Plugins/Editor/SpeedTreeImporter/Content/SpeedTree9/SpeedTreeMaster.uasset" 482
"../../../Engine/Plugins/Editor/SpeedTreeImporter/Content/SpeedTree9/SpeedTreeMaster.uexp" 483
"../../../Engine/Plugins/Editor/SpeedTreeImporter/Content/SpeedTree9/SpeedTreeBillboard.uasset" 484
"../../../Engine/Plugins/Editor/SpeedTreeImporter/Content/SpeedTree9/SpeedTreeBillboard.uexp" 485
"../../../Engine/Plugins/Editor/SpeedTreeImporter/Content/SpeedTree9/SpeedTreeBillboardMaster.uasset" 486
"../../../Engine/Plugins/Editor/SpeedTreeImporter/Content/SpeedTree9/SpeedTreeBillboardMaster.uexp" 487
"../../../Engine/Plugins/Runtime/HairStrands/Content/Materials/HairMeshesDefaultMaterial.uasset" 488
"../../../Engine/Plugins/Runtime/HairStrands/Content/Materials/HairMeshesDefaultMaterial.uexp" 489
"../../../Engine/Plugins/Runtime/HairStrands/Content/Materials/HairDefaultMaterial.uasset" 490
"../../../Engine/Plugins/Runtime/HairStrands/Content/Materials/HairDefaultMaterial.uexp" 491
"../../../Engine/Plugins/Runtime/HairStrands/Content/Materials/HairGroupColors.uasset" 492
"../../../Engine/Plugins/Runtime/HairStrands/Content/Materials/HairGroupColors.uexp" 493
"../../../Engine/Content/EngineMaterials/HairColorMap.uasset" 494
"../../../Engine/Content/EngineMaterials/HairColorMap.uexp" 495
"../../../Engine/Content/EngineMaterials/HairDebugColor.uasset" 496
"../../../Engine/Content/EngineMaterials/HairDebugColor.uexp" 497
"../../../Engine/Plugins/Runtime/HairStrands/Content/Materials/HairDebugMaterial.uasset" 498
"../../../Engine/Plugins/Runtime/HairStrands/Content/Materials/HairDebugMaterial.uexp" 499
"../../../Engine/Plugins/Runtime/HairStrands/Content/Materials/HairCardsDefaultMaterial.uasset" 500
"../../../Engine/Plugins/Runtime/HairStrands/Content/Materials/HairCardsDefaultMaterial.uexp" 501
"C:/Users/fabio/Documents/GitHub/GrabbingMechanic/GrabbingMechanic/Content/FirstPerson/Character/Mesh/SK_Mannequin_Arms_Skeleton.uasset" 502
"C:/Users/fabio/Documents/GitHub/GrabbingMechanic/GrabbingMechanic/Content/FirstPerson/Character/Mesh/SK_Mannequin_Arms_Skeleton.uexp" 503
"C:/Users/fabio/Documents/GitHub/GrabbingMechanic/GrabbingMechanic/Content/FirstPerson/Animations/FirstPerson_Idle.uasset" 504
"C:/Users/fabio/Documents/GitHub/GrabbingMechanic/GrabbingMechanic/Content/FirstPerson/Animations/FirstPerson_Idle.uexp" 505
"C:/Users/fabio/Documents/GitHub/GrabbingMechanic/GrabbingMechanic/Content/FirstPerson/Animations/FirstPerson_JumpLoop.uasset" 506
"C:/Users/fabio/Documents/GitHub/GrabbingMechanic/GrabbingMechanic/Content/FirstPerson/Animations/FirstPerson_JumpLoop.uexp" 507
"C:/Users/fabio/Documents/GitHub/GrabbingMechanic/GrabbingMechanic/Content/FirstPerson/Animations/FirstPerson_JumpEnd.uasset" 508
"C:/Users/fabio/Documents/GitHub/GrabbingMechanic/GrabbingMechanic/Content/FirstPerson/Animations/FirstPerson_JumpEnd.uexp" 509
"C:/Users/fabio/Documents/GitHub/GrabbingMechanic/GrabbingMechanic/Content/FirstPerson/Animations/FirstPerson_JumpStart.uasset" 510
"C:/Users/fabio/Documents/GitHub/GrabbingMechanic/GrabbingMechanic/Content/FirstPerson/Animations/FirstPerson_JumpStart.uexp" 511
"C:/Users/fabio/Documents/GitHub/GrabbingMechanic/GrabbingMechanic/Content/FirstPerson/Animations/FirstPerson_Run.uasset" 512
"C:/Users/fabio/Documents/GitHub/GrabbingMechanic/GrabbingMechanic/Content/FirstPerson/Animations/FirstPerson_Run.uexp" 513
"../../../Engine/Content/EditorBlueprintResources/StandardMacros.uasset" 514
"../../../Engine/Content/EditorBlueprintResources/StandardMacros.uexp" 515
"C:/Users/fabio/Documents/GitHub/GrabbingMechanic/GrabbingMechanic/Content/FirstPerson/Animations/FirstPerson_AnimBP.uasset" 516
"C:/Users/fabio/Documents/GitHub/GrabbingMechanic/GrabbingMechanic/Content/FirstPerson/Animations/FirstPerson_AnimBP.uexp" 517
"C:/Users/fabio/Documents/GitHub/GrabbingMechanic/GrabbingMechanic/Content/FirstPerson/FPWeapon/Materials/MaterialLayers/T_ML_FineRubber.ubulk" 518
"C:/Users/fabio/Documents/GitHub/GrabbingMechanic/GrabbingMechanic/Content/FirstPerson/FPWeapon/Materials/MaterialLayers/T_ML_FineRubber.uasset" 519
"C:/Users/fabio/Documents/GitHub/GrabbingMechanic/GrabbingMechanic/Content/FirstPerson/FPWeapon/Materials/MaterialLayers/T_ML_FineRubber.uexp" 520
"C:/Users/fabio/Documents/GitHub/GrabbingMechanic/GrabbingMechanic/Content/FirstPerson/Character/Textures/UE4_LOGO_CARD.ubulk" 521
"C:/Users/fabio/Documents/GitHub/GrabbingMechanic/GrabbingMechanic/Content/FirstPerson/Character/Textures/UE4_LOGO_CARD.uasset" 522
"C:/Users/fabio/Documents/GitHub/GrabbingMechanic/GrabbingMechanic/Content/FirstPerson/Character/Textures/UE4_LOGO_CARD.uexp" 523
"C:/Users/fabio/Documents/GitHub/GrabbingMechanic/GrabbingMechanic/Content/FirstPerson/FPWeapon/Materials/MaterialLayers/ML_Plastic_Shiny_Beige_LOGO.uasset" 524
"C:/Users/fabio/Documents/GitHub/GrabbingMechanic/GrabbingMechanic/Content/FirstPerson/FPWeapon/Materials/MaterialLayers/ML_Plastic_Shiny_Beige_LOGO.uexp" 525
"C:/Users/fabio/Documents/GitHub/GrabbingMechanic/GrabbingMechanic/Content/FirstPerson/FPWeapon/Mesh/SK_FPGun_PhysicsAsset.uasset" 526
"C:/Users/fabio/Documents/GitHub/GrabbingMechanic/GrabbingMechanic/Content/FirstPerson/FPWeapon/Mesh/SK_FPGun_PhysicsAsset.uexp" 527
"C:/Users/fabio/Documents/GitHub/GrabbingMechanic/GrabbingMechanic/Content/FirstPerson/Meshes/BaseMaterial.uasset" 528
"C:/Users/fabio/Documents/GitHub/GrabbingMechanic/GrabbingMechanic/Content/FirstPerson/Meshes/BaseMaterial.uexp" 529
"C:/Users/fabio/Documents/GitHub/GrabbingMechanic/GrabbingMechanic/Content/FirstPerson/Meshes/CubeMaterialOverride.uasset" 530
"C:/Users/fabio/Documents/GitHub/GrabbingMechanic/GrabbingMechanic/Content/FirstPerson/Meshes/CubeMaterialOverride.uexp" 531
"C:/Users/fabio/Documents/GitHub/GrabbingMechanic/GrabbingMechanic/Content/FirstPerson/Textures/FirstPersonCrosshair.uasset" 532
"C:/Users/fabio/Documents/GitHub/GrabbingMechanic/GrabbingMechanic/Content/FirstPerson/Textures/FirstPersonCrosshair.uexp" 533
"C:/Users/fabio/Documents/GitHub/GrabbingMechanic/GrabbingMechanic/Content/Geometry/Meshes/CubeMaterial.uasset" 534
"C:/Users/fabio/Documents/GitHub/GrabbingMechanic/GrabbingMechanic/Content/Geometry/Meshes/CubeMaterial.uexp" 535
"C:/Users/fabio/Documents/GitHub/GrabbingMechanic/GrabbingMechanic/Content/Geometry/Meshes/TemplateFloor.uasset" 536
"C:/Users/fabio/Documents/GitHub/GrabbingMechanic/GrabbingMechanic/Content/Geometry/Meshes/TemplateFloor.uexp" 537
"C:/Users/fabio/Documents/GitHub/GrabbingMechanic/GrabbingMechanic/Content/Geometry/Meshes/1M_Cube_Chamfer.uasset" 538
"C:/Users/fabio/Documents/GitHub/GrabbingMechanic/GrabbingMechanic/Content/Geometry/Meshes/1M_Cube_Chamfer.uexp" 539
"C:/Users/fabio/Documents/GitHub/GrabbingMechanic/GrabbingMechanic/Content/PrototypeWeap/FX/Textures/T_GlowSphere_01.ubulk" 540
"C:/Users/fabio/Documents/GitHub/GrabbingMechanic/GrabbingMechanic/Content/PrototypeWeap/FX/Textures/T_GlowSphere_01.uasset" 541
"C:/Users/fabio/Documents/GitHub/GrabbingMechanic/GrabbingMechanic/Content/PrototypeWeap/FX/Textures/T_GlowSphere_01.uexp" 542
"C:/Users/fabio/Documents/GitHub/GrabbingMechanic/GrabbingMechanic/Content/PrototypeWeap/FX/Materials/M_Pop_01.uasset" 543
"C:/Users/fabio/Documents/GitHub/GrabbingMechanic/GrabbingMechanic/Content/PrototypeWeap/FX/Materials/M_Pop_01.uexp" 544
"C:/Users/fabio/Documents/GitHub/GrabbingMechanic/GrabbingMechanic/Content/PrototypeWeap/FX/Textures/T_SmokeSimple_01.ubulk" 545
"C:/Users/fabio/Documents/GitHub/GrabbingMechanic/GrabbingMechanic/Content/PrototypeWeap/FX/Textures/T_SmokeSimple_01.uasset" 546
"C:/Users/fabio/Documents/GitHub/GrabbingMechanic/GrabbingMechanic/Content/PrototypeWeap/FX/Textures/T_SmokeSimple_01.uexp" 547
"C:/Users/fabio/Documents/GitHub/GrabbingMechanic/GrabbingMechanic/Content/PrototypeWeap/FX/Materials/M_SmokeSimple_01.uasset" 548
"C:/Users/fabio/Documents/GitHub/GrabbingMechanic/GrabbingMechanic/Content/PrototypeWeap/FX/Materials/M_SmokeSimple_01.uexp" 549
"C:/Users/fabio/Documents/GitHub/GrabbingMechanic/GrabbingMechanic/Content/PrototypeWeap/FX/Textures/T_SparkImpacts_2x2_01.ubulk" 550
"C:/Users/fabio/Documents/GitHub/GrabbingMechanic/GrabbingMechanic/Content/PrototypeWeap/FX/Textures/T_SparkImpacts_2x2_01.uasset" 551
"C:/Users/fabio/Documents/GitHub/GrabbingMechanic/GrabbingMechanic/Content/PrototypeWeap/FX/Textures/T_SparkImpacts_2x2_01.uexp" 552
"C:/Users/fabio/Documents/GitHub/GrabbingMechanic/GrabbingMechanic/Content/PrototypeWeap/FX/Materials/M_SparksImpact_2x2_01.uasset" 553
"C:/Users/fabio/Documents/GitHub/GrabbingMechanic/GrabbingMechanic/Content/PrototypeWeap/FX/Materials/M_SparksImpact_2x2_01.uexp" 554
"C:/Users/fabio/Documents/GitHub/GrabbingMechanic/GrabbingMechanic/Content/PrototypeWeap/FX/Textures/T_LightStreak_01.ubulk" 555
"C:/Users/fabio/Documents/GitHub/GrabbingMechanic/GrabbingMechanic/Content/PrototypeWeap/FX/Textures/T_LightStreak_01.uasset" 556
"C:/Users/fabio/Documents/GitHub/GrabbingMechanic/GrabbingMechanic/Content/PrototypeWeap/FX/Textures/T_LightStreak_01.uexp" 557
"C:/Users/fabio/Documents/GitHub/GrabbingMechanic/GrabbingMechanic/Content/PrototypeWeap/FX/Materials/M_LightStreak_01.uasset" 558
"C:/Users/fabio/Documents/GitHub/GrabbingMechanic/GrabbingMechanic/Content/PrototypeWeap/FX/Materials/M_LightStreak_01.uexp" 559
"C:/Users/fabio/Documents/GitHub/GrabbingMechanic/GrabbingMechanic/Content/PrototypeWeap/P_AssaultRifle_MuzzleFlash.uasset" 560
"C:/Users/fabio/Documents/GitHub/GrabbingMechanic/GrabbingMechanic/Content/PrototypeWeap/P_AssaultRifle_MuzzleFlash.uexp" 561
"C:/Users/fabio/Documents/GitHub/GrabbingMechanic/GrabbingMechanic/Content/PrototypeWeap/FX/Textures/T_SphereNoise_01.ubulk" 562
"C:/Users/fabio/Documents/GitHub/GrabbingMechanic/GrabbingMechanic/Content/PrototypeWeap/FX/Textures/T_SphereNoise_01.uasset" 563
"C:/Users/fabio/Documents/GitHub/GrabbingMechanic/GrabbingMechanic/Content/PrototypeWeap/FX/Textures/T_SphereNoise_01.uexp" 564
"C:/Users/fabio/Documents/GitHub/GrabbingMechanic/GrabbingMechanic/Content/PrototypeWeap/FX/Textures/T_Knife_RibbonGradient_01.ubulk" 565
"C:/Users/fabio/Documents/GitHub/GrabbingMechanic/GrabbingMechanic/Content/PrototypeWeap/FX/Textures/T_Knife_RibbonGradient_01.uasset" 566
"C:/Users/fabio/Documents/GitHub/GrabbingMechanic/GrabbingMechanic/Content/PrototypeWeap/FX/Textures/T_Knife_RibbonGradient_01.uexp" 567
"C:/Users/fabio/Documents/GitHub/GrabbingMechanic/GrabbingMechanic/Content/MyContent/EnemyAI/AI/BehaviorTree/BTT/BTT_DecreaseAwareness.uasset" 568
"C:/Users/fabio/Documents/GitHub/GrabbingMechanic/GrabbingMechanic/Content/MyContent/EnemyAI/AI/BehaviorTree/BTT/BTT_DecreaseAwareness.uexp" 569
"C:/Users/fabio/Documents/GitHub/GrabbingMechanic/GrabbingMechanic/Content/FirstPerson/Animations/FirstPerson_Fire.uasset" 570
"C:/Users/fabio/Documents/GitHub/GrabbingMechanic/GrabbingMechanic/Content/FirstPerson/Animations/FirstPerson_Fire.uexp" 571
"C:/Users/fabio/Documents/GitHub/GrabbingMechanic/GrabbingMechanic/Content/FirstPerson/Animations/FirstPersonFire_Montage.uasset" 572
"C:/Users/fabio/Documents/GitHub/GrabbingMechanic/GrabbingMechanic/Content/FirstPerson/Animations/FirstPersonFire_Montage.uexp" 573
"C:/Users/fabio/Documents/GitHub/GrabbingMechanic/GrabbingMechanic/Content/FirstPerson/FPWeapon/Mesh/SK_FPGun_Skeleton.uasset" 574
"C:/Users/fabio/Documents/GitHub/GrabbingMechanic/GrabbingMechanic/Content/FirstPerson/FPWeapon/Mesh/SK_FPGun_Skeleton.uexp" 575
"C:/Users/fabio/Documents/GitHub/GrabbingMechanic/GrabbingMechanic/Content/FirstPerson/FPWeapon/Materials/MaterialLayers/T_ML_Rubber_Blue_01_N.ubulk" 576
"C:/Users/fabio/Documents/GitHub/GrabbingMechanic/GrabbingMechanic/Content/FirstPerson/FPWeapon/Materials/MaterialLayers/T_ML_Rubber_Blue_01_N.uasset" 577
"C:/Users/fabio/Documents/GitHub/GrabbingMechanic/GrabbingMechanic/Content/FirstPerson/FPWeapon/Materials/MaterialLayers/T_ML_Rubber_Blue_01_N.uexp" 578
"C:/Users/fabio/Documents/GitHub/GrabbingMechanic/GrabbingMechanic/Content/FirstPerson/FPWeapon/Materials/MaterialLayers/T_ML_Rubber_Blue_01_D.ubulk" 579
"C:/Users/fabio/Documents/GitHub/GrabbingMechanic/GrabbingMechanic/Content/FirstPerson/FPWeapon/Materials/MaterialLayers/T_ML_Rubber_Blue_01_D.uasset" 580
"C:/Users/fabio/Documents/GitHub/GrabbingMechanic/GrabbingMechanic/Content/FirstPerson/FPWeapon/Materials/MaterialLayers/T_ML_Rubber_Blue_01_D.uexp" 581
"C:/Users/fabio/Documents/GitHub/GrabbingMechanic/GrabbingMechanic/Content/FirstPerson/FPWeapon/Materials/MaterialLayers/ML_GlossyBlack_Latex_UE4.uasset" 582
"C:/Users/fabio/Documents/GitHub/GrabbingMechanic/GrabbingMechanic/Content/FirstPerson/FPWeapon/Materials/MaterialLayers/ML_GlossyBlack_Latex_UE4.uexp" 583
"../../../Engine/Content/Functions/Engine_MaterialFunctions02/Utility/BlendAngleCorrectedNormals.uasset" 584
"../../../Engine/Content/Functions/Engine_MaterialFunctions02/Utility/BlendAngleCorrectedNormals.uexp" 585
"../../../Engine/Content/Functions/MaterialLayerFunctions/MatLayerBlend_NormalBlend.uasset" 586
"../../../Engine/Content/Functions/MaterialLayerFunctions/MatLayerBlend_NormalBlend.uexp" 587
"C:/Users/fabio/Documents/GitHub/GrabbingMechanic/GrabbingMechanic/Content/FirstPerson/FPWeapon/Textures/T_FPGun_M.ubulk" 588
"C:/Users/fabio/Documents/GitHub/GrabbingMechanic/GrabbingMechanic/Content/FirstPerson/FPWeapon/Textures/T_FPGun_M.uasset" 589
"C:/Users/fabio/Documents/GitHub/GrabbingMechanic/GrabbingMechanic/Content/FirstPerson/FPWeapon/Textures/T_FPGun_M.uexp" 590
"C:/Users/fabio/Documents/GitHub/GrabbingMechanic/GrabbingMechanic/Content/FirstPerson/FPWeapon/Materials/MaterialLayers/ML_Plastic_Shiny_Beige.uasset" 591
"C:/Users/fabio/Documents/GitHub/GrabbingMechanic/GrabbingMechanic/Content/FirstPerson/FPWeapon/Materials/MaterialLayers/ML_Plastic_Shiny_Beige.uexp" 592
"../../../Engine/Content/Functions/MaterialLayerFunctions/MatLayerBlend_Simple.uasset" 593
"../../../Engine/Content/Functions/MaterialLayerFunctions/MatLayerBlend_Simple.uexp" 594
"C:/Users/fabio/Documents/GitHub/GrabbingMechanic/GrabbingMechanic/Content/FirstPerson/FPWeapon/Materials/MaterialLayers/T_ML_Aluminum01.ubulk" 595
"C:/Users/fabio/Documents/GitHub/GrabbingMechanic/GrabbingMechanic/Content/FirstPerson/FPWeapon/Materials/MaterialLayers/T_ML_Aluminum01.uasset" 596
"C:/Users/fabio/Documents/GitHub/GrabbingMechanic/GrabbingMechanic/Content/FirstPerson/FPWeapon/Materials/MaterialLayers/T_ML_Aluminum01.uexp" 597
"C:/Users/fabio/Documents/GitHub/GrabbingMechanic/GrabbingMechanic/Content/FirstPerson/FPWeapon/Materials/MaterialLayers/T_ML_Aluminum01_N.ubulk" 598
"C:/Users/fabio/Documents/GitHub/GrabbingMechanic/GrabbingMechanic/Content/FirstPerson/FPWeapon/Materials/MaterialLayers/T_ML_Aluminum01_N.uasset" 599
"C:/Users/fabio/Documents/GitHub/GrabbingMechanic/GrabbingMechanic/Content/FirstPerson/FPWeapon/Materials/MaterialLayers/T_ML_Aluminum01_N.uexp" 600
"C:/Users/fabio/Documents/GitHub/GrabbingMechanic/GrabbingMechanic/Content/FirstPerson/FPWeapon/Materials/MaterialLayers/ML_SoftMetal_UE4.uasset" 601
"C:/Users/fabio/Documents/GitHub/GrabbingMechanic/GrabbingMechanic/Content/FirstPerson/FPWeapon/Materials/MaterialLayers/ML_SoftMetal_UE4.uexp" 602
"C:/Users/fabio/Documents/GitHub/GrabbingMechanic/GrabbingMechanic/Content/FirstPerson/FPWeapon/Materials/MaterialLayers/ML_Screen.uasset" 603
"C:/Users/fabio/Documents/GitHub/GrabbingMechanic/GrabbingMechanic/Content/FirstPerson/FPWeapon/Materials/MaterialLayers/ML_Screen.uexp" 604
"C:/Users/fabio/Documents/GitHub/GrabbingMechanic/GrabbingMechanic/Content/FirstPerson/FPWeapon/Textures/T_FPGun_N.ubulk" 605
"C:/Users/fabio/Documents/GitHub/GrabbingMechanic/GrabbingMechanic/Content/FirstPerson/FPWeapon/Textures/T_FPGun_N.uasset" 606
"C:/Users/fabio/Documents/GitHub/GrabbingMechanic/GrabbingMechanic/Content/FirstPerson/FPWeapon/Textures/T_FPGun_N.uexp" 607
"C:/Users/fabio/Documents/GitHub/GrabbingMechanic/GrabbingMechanic/Content/FirstPerson/FPWeapon/Materials/M_FPGun.uasset" 608
"C:/Users/fabio/Documents/GitHub/GrabbingMechanic/GrabbingMechanic/Content/FirstPerson/FPWeapon/Materials/M_FPGun.uexp" 609
"C:/Users/fabio/Documents/GitHub/GrabbingMechanic/GrabbingMechanic/Content/FirstPerson/FPWeapon/Mesh/SK_FPGun.uasset" 610
"C:/Users/fabio/Documents/GitHub/GrabbingMechanic/GrabbingMechanic/Content/FirstPerson/FPWeapon/Mesh/SK_FPGun.uexp" 611
"C:/Users/fabio/Documents/GitHub/GrabbingMechanic/GrabbingMechanic/Content/FirstPerson/Meshes/FirstPersonProjectileMaterial.uasset" 612
"C:/Users/fabio/Documents/GitHub/GrabbingMechanic/GrabbingMechanic/Content/FirstPerson/Meshes/FirstPersonProjectileMaterial.uexp" 613
"C:/Users/fabio/Documents/GitHub/GrabbingMechanic/GrabbingMechanic/Content/FirstPerson/Meshes/FirstPersonProjectileMesh.uasset" 614
"C:/Users/fabio/Documents/GitHub/GrabbingMechanic/GrabbingMechanic/Content/FirstPerson/Meshes/FirstPersonProjectileMesh.uexp" 615
"C:/Users/fabio/Documents/GitHub/GrabbingMechanic/GrabbingMechanic/Content/PrototypeWeap/FX/Textures/T_Ember_01.ubulk" 616
"C:/Users/fabio/Documents/GitHub/GrabbingMechanic/GrabbingMechanic/Content/PrototypeWeap/FX/Textures/T_Ember_01.uasset" 617
"C:/Users/fabio/Documents/GitHub/GrabbingMechanic/GrabbingMechanic/Content/PrototypeWeap/FX/Textures/T_Ember_01.uexp" 618
"C:/Users/fabio/Documents/GitHub/GrabbingMechanic/GrabbingMechanic/Content/PrototypeWeap/FX/Materials/M_Ember_01.uasset" 619
"C:/Users/fabio/Documents/GitHub/GrabbingMechanic/GrabbingMechanic/Content/PrototypeWeap/FX/Materials/M_Ember_01.uexp" 620
"C:/Users/fabio/Documents/GitHub/GrabbingMechanic/GrabbingMechanic/Content/PrototypeWeap/FX/Textures/T_Spark_01.ubulk" 621
"C:/Users/fabio/Documents/GitHub/GrabbingMechanic/GrabbingMechanic/Content/PrototypeWeap/FX/Textures/T_Spark_01.uasset" 622
"C:/Users/fabio/Documents/GitHub/GrabbingMechanic/GrabbingMechanic/Content/PrototypeWeap/FX/Textures/T_Spark_01.uexp" 623
"C:/Users/fabio/Documents/GitHub/GrabbingMechanic/GrabbingMechanic/Content/PrototypeWeap/FX/Materials/M_Spark_01.uasset" 624
"C:/Users/fabio/Documents/GitHub/GrabbingMechanic/GrabbingMechanic/Content/PrototypeWeap/FX/Materials/M_Spark_01.uexp" 625
"C:/Users/fabio/Documents/GitHub/GrabbingMechanic/GrabbingMechanic/Content/PrototypeWeap/P_Impact_01.uasset" 626
"C:/Users/fabio/Documents/GitHub/GrabbingMechanic/GrabbingMechanic/Content/PrototypeWeap/P_Impact_01.uexp" 627
"C:/Users/fabio/Documents/GitHub/GrabbingMechanic/GrabbingMechanic/Content/MyContent/Blueprints/FirstPersonProjectile.uasset" 628
"C:/Users/fabio/Documents/GitHub/GrabbingMechanic/GrabbingMechanic/Content/MyContent/Blueprints/FirstPersonProjectile.uexp" 629
"C:/Users/fabio/Documents/GitHub/GrabbingMechanic/GrabbingMechanic/Content/MyContent/Blueprints/BP_CameraShakeGrabbed.uasset" 630
"C:/Users/fabio/Documents/GitHub/GrabbingMechanic/GrabbingMechanic/Content/MyContent/Blueprints/BP_CameraShakeGrabbed.uexp" 631
"C:/Users/fabio/Documents/GitHub/GrabbingMechanic/GrabbingMechanic/Content/FirstPerson/Character/Mesh/SK_Mannequin_Arms_PhysicsAsset.uasset" 632
"C:/Users/fabio/Documents/GitHub/GrabbingMechanic/GrabbingMechanic/Content/FirstPerson/Character/Mesh/SK_Mannequin_Arms_PhysicsAsset.uexp" 633
"C:/Users/fabio/Documents/GitHub/GrabbingMechanic/GrabbingMechanic/Content/FirstPerson/Character/Materials/MaterialLayers/ML_Plastic_Shiny_Beige_LOGO.uasset" 634
"C:/Users/fabio/Documents/GitHub/GrabbingMechanic/GrabbingMechanic/Content/FirstPerson/Character/Materials/MaterialLayers/ML_Plastic_Shiny_Beige_LOGO.uexp" 635
"C:/Users/fabio/Documents/GitHub/GrabbingMechanic/GrabbingMechanic/Content/FirstPerson/Character/Textures/UE4_Mannequin__normals.ubulk" 636
"C:/Users/fabio/Documents/GitHub/GrabbingMechanic/GrabbingMechanic/Content/FirstPerson/Character/Textures/UE4_Mannequin__normals.uasset" 637
"C:/Users/fabio/Documents/GitHub/GrabbingMechanic/GrabbingMechanic/Content/FirstPerson/Character/Textures/UE4_Mannequin__normals.uexp" 638
"C:/Users/fabio/Documents/GitHub/GrabbingMechanic/GrabbingMechanic/Content/FirstPerson/Character/Materials/MaterialLayers/T_ML_Rubber_Blue_01_D.ubulk" 639
"C:/Users/fabio/Documents/GitHub/GrabbingMechanic/GrabbingMechanic/Content/FirstPerson/Character/Materials/MaterialLayers/T_ML_Rubber_Blue_01_D.uasset" 640
"C:/Users/fabio/Documents/GitHub/GrabbingMechanic/GrabbingMechanic/Content/FirstPerson/Character/Materials/MaterialLayers/T_ML_Rubber_Blue_01_D.uexp" 641
"C:/Users/fabio/Documents/GitHub/GrabbingMechanic/GrabbingMechanic/Content/FirstPerson/Character/Materials/MaterialLayers/T_ML_Rubber_Blue_01_N.ubulk" 642
"C:/Users/fabio/Documents/GitHub/GrabbingMechanic/GrabbingMechanic/Content/FirstPerson/Character/Materials/MaterialLayers/T_ML_Rubber_Blue_01_N.uasset" 643
"C:/Users/fabio/Documents/GitHub/GrabbingMechanic/GrabbingMechanic/Content/FirstPerson/Character/Materials/MaterialLayers/T_ML_Rubber_Blue_01_N.uexp" 644
"C:/Users/fabio/Documents/GitHub/GrabbingMechanic/GrabbingMechanic/Content/FirstPerson/Character/Materials/MaterialLayers/ML_GlossyBlack_Latex_UE4.uasset" 645
"C:/Users/fabio/Documents/GitHub/GrabbingMechanic/GrabbingMechanic/Content/FirstPerson/Character/Materials/MaterialLayers/ML_GlossyBlack_Latex_UE4.uexp" 646
"C:/Users/fabio/Documents/GitHub/GrabbingMechanic/GrabbingMechanic/Content/FirstPerson/Character/Textures/UE4_Mannequin_MAT_MASKA.ubulk" 647
"C:/Users/fabio/Documents/GitHub/GrabbingMechanic/GrabbingMechanic/Content/FirstPerson/Character/Textures/UE4_Mannequin_MAT_MASKA.uasset" 648
"C:/Users/fabio/Documents/GitHub/GrabbingMechanic/GrabbingMechanic/Content/FirstPerson/Character/Textures/UE4_Mannequin_MAT_MASKA.uexp" 649
"C:/Users/fabio/Documents/GitHub/GrabbingMechanic/GrabbingMechanic/Content/FirstPerson/Character/Materials/MaterialLayers/T_ML_Aluminum01.ubulk" 650
"C:/Users/fabio/Documents/GitHub/GrabbingMechanic/GrabbingMechanic/Content/FirstPerson/Character/Materials/MaterialLayers/T_ML_Aluminum01.uasset" 651
"C:/Users/fabio/Documents/GitHub/GrabbingMechanic/GrabbingMechanic/Content/FirstPerson/Character/Materials/MaterialLayers/T_ML_Aluminum01.uexp" 652
"C:/Users/fabio/Documents/GitHub/GrabbingMechanic/GrabbingMechanic/Content/FirstPerson/Character/Materials/MaterialLayers/T_ML_Aluminum01_N.ubulk" 653
"C:/Users/fabio/Documents/GitHub/GrabbingMechanic/GrabbingMechanic/Content/FirstPerson/Character/Materials/MaterialLayers/T_ML_Aluminum01_N.uasset" 654
"C:/Users/fabio/Documents/GitHub/GrabbingMechanic/GrabbingMechanic/Content/FirstPerson/Character/Materials/MaterialLayers/T_ML_Aluminum01_N.uexp" 655
"C:/Users/fabio/Documents/GitHub/GrabbingMechanic/GrabbingMechanic/Content/FirstPerson/Character/Materials/MaterialLayers/ML_SoftMetal_UE4.uasset" 656
"C:/Users/fabio/Documents/GitHub/GrabbingMechanic/GrabbingMechanic/Content/FirstPerson/Character/Materials/MaterialLayers/ML_SoftMetal_UE4.uexp" 657
"C:/Users/fabio/Documents/GitHub/GrabbingMechanic/GrabbingMechanic/Content/FirstPerson/Character/Materials/MaterialLayers/ML_Plastic_Shiny_Beige.uasset" 658
"C:/Users/fabio/Documents/GitHub/GrabbingMechanic/GrabbingMechanic/Content/FirstPerson/Character/Materials/MaterialLayers/ML_Plastic_Shiny_Beige.uexp" 659
"C:/Users/fabio/Documents/GitHub/GrabbingMechanic/GrabbingMechanic/Content/FirstPerson/Character/Materials/M_UE4Man_Body.uasset" 660
"C:/Users/fabio/Documents/GitHub/GrabbingMechanic/GrabbingMechanic/Content/FirstPerson/Character/Materials/M_UE4Man_Body.uexp" 661
"C:/Users/fabio/Documents/GitHub/GrabbingMechanic/GrabbingMechanic/Content/FirstPerson/Character/Mesh/SK_Mannequin_Arms.uasset" 662
"C:/Users/fabio/Documents/GitHub/GrabbingMechanic/GrabbingMechanic/Content/FirstPerson/Character/Mesh/SK_Mannequin_Arms.uexp" 663
"C:/Users/fabio/Documents/GitHub/GrabbingMechanic/GrabbingMechanic/Content/FirstPerson/Audio/FirstPersonTemplateWeaponFire02.ubulk" 664
"C:/Users/fabio/Documents/GitHub/GrabbingMechanic/GrabbingMechanic/Content/FirstPerson/Audio/FirstPersonTemplateWeaponFire02.uasset" 665
"C:/Users/fabio/Documents/GitHub/GrabbingMechanic/GrabbingMechanic/Content/FirstPerson/Audio/FirstPersonTemplateWeaponFire02.uexp" 666
"C:/Users/fabio/Documents/GitHub/GrabbingMechanic/GrabbingMechanic/Content/MyContent/Blueprints/FirstPersonCharacter.uasset" 667
"C:/Users/fabio/Documents/GitHub/GrabbingMechanic/GrabbingMechanic/Content/MyContent/Blueprints/FirstPersonCharacter.uexp" 668
"C:/Users/fabio/Documents/GitHub/GrabbingMechanic/GrabbingMechanic/Content/MyContent/EnemyAI/AI/BehaviorTree/BTT/BTT_SurrenderTrigger.uasset" 669
"C:/Users/fabio/Documents/GitHub/GrabbingMechanic/GrabbingMechanic/Content/MyContent/EnemyAI/AI/BehaviorTree/BTT/BTT_SurrenderTrigger.uexp" 670
"C:/Users/fabio/Documents/GitHub/GrabbingMechanic/GrabbingMechanic/Content/MyContent/EnemyAI/AI/BehaviorTree/BTT/BTT_Strafe.uasset" 671
"C:/Users/fabio/Documents/GitHub/GrabbingMechanic/GrabbingMechanic/Content/MyContent/EnemyAI/AI/BehaviorTree/BTT/BTT_Strafe.uexp" 672
"C:/Users/fabio/Documents/GitHub/GrabbingMechanic/GrabbingMechanic/Content/MyContent/EnemyAI/AI/BehaviorTree/BTT/BTT_Reset_Attack_Status.uasset" 673
"C:/Users/fabio/Documents/GitHub/GrabbingMechanic/GrabbingMechanic/Content/MyContent/EnemyAI/AI/BehaviorTree/BTT/BTT_Reset_Attack_Status.uexp" 674
"C:/Users/fabio/Documents/GitHub/GrabbingMechanic/GrabbingMechanic/Content/MyContent/EnemyAI/AI/BehaviorTree/BTT/BTT_LineOfSightCheck.uasset" 675
"C:/Users/fabio/Documents/GitHub/GrabbingMechanic/GrabbingMechanic/Content/MyContent/EnemyAI/AI/BehaviorTree/BTT/BTT_LineOfSightCheck.uexp" 676
"../../../Engine/Content/Animation/DefaultAnimCurveCompressionSettings.uasset" 677
"../../../Engine/Content/Animation/DefaultAnimCurveCompressionSettings.uexp" 678
"C:/Users/fabio/Documents/GitHub/GrabbingMechanic/GrabbingMechanic/Content/MyContent/EnemyAI/Mesh/EnemyAI_Skeleton.uasset" 679
"C:/Users/fabio/Documents/GitHub/GrabbingMechanic/GrabbingMechanic/Content/MyContent/EnemyAI/Mesh/EnemyAI_Skeleton.uexp" 680
"../../../Engine/Content/Animation/DefaultAnimBoneCompressionSettings.uasset" 681
"../../../Engine/Content/Animation/DefaultAnimBoneCompressionSettings.uexp" 682
"C:/Users/fabio/Documents/GitHub/GrabbingMechanic/GrabbingMechanic/Content/MyContent/Animation/Attack.uasset" 683
"C:/Users/fabio/Documents/GitHub/GrabbingMechanic/GrabbingMechanic/Content/MyContent/Animation/Attack.uexp" 684
"C:/Users/fabio/Documents/GitHub/GrabbingMechanic/GrabbingMechanic/Content/MyContent/Animation/Attack_Montage.uasset" 685
"C:/Users/fabio/Documents/GitHub/GrabbingMechanic/GrabbingMechanic/Content/MyContent/Animation/Attack_Montage.uexp" 686
"C:/Users/fabio/Documents/GitHub/GrabbingMechanic/GrabbingMechanic/Content/MyContent/Hostage/Hostage_Skeleton.uasset" 687
"C:/Users/fabio/Documents/GitHub/GrabbingMechanic/GrabbingMechanic/Content/MyContent/Hostage/Hostage_Skeleton.uexp" 688
"C:/Users/fabio/Documents/GitHub/GrabbingMechanic/GrabbingMechanic/Content/MyContent/Hostage/Idle_Rifle_Hip.uasset" 689
"C:/Users/fabio/Documents/GitHub/GrabbingMechanic/GrabbingMechanic/Content/MyContent/Hostage/Idle_Rifle_Hip.uexp" 690
"C:/Users/fabio/Documents/GitHub/GrabbingMechanic/GrabbingMechanic/Content/MyContent/Hostage/ABP_Hostage.uasset" 691
"C:/Users/fabio/Documents/GitHub/GrabbingMechanic/GrabbingMechanic/Content/MyContent/Hostage/ABP_Hostage.uexp" 692
"C:/Users/fabio/Documents/GitHub/GrabbingMechanic/GrabbingMechanic/Content/MyContent/Hostage/Hostage_PhysicsAsset.uasset" 693
"C:/Users/fabio/Documents/GitHub/GrabbingMechanic/GrabbingMechanic/Content/MyContent/Hostage/Hostage_PhysicsAsset.uexp" 694
"C:/Users/fabio/Documents/GitHub/GrabbingMechanic/GrabbingMechanic/Content/MyContent/Hostage/Hostage_Mannequin.uasset" 695
"C:/Users/fabio/Documents/GitHub/GrabbingMechanic/GrabbingMechanic/Content/MyContent/Hostage/Hostage_Mannequin.uexp" 696
"../../../Engine/Content/Functions/Engine_MaterialFunctions01/Shading/ConvertFromDiffSpec.uasset" 697
"../../../Engine/Content/Functions/Engine_MaterialFunctions01/Shading/ConvertFromDiffSpec.uexp" 698
"../../../Engine/Content/EngineDebugMaterials/ShadedLevelColorationLitMaterial.uasset" 699
"../../../Engine/Content/EngineDebugMaterials/ShadedLevelColorationLitMaterial.uexp" 700
"C:/Users/fabio/Documents/GitHub/GrabbingMechanic/GrabbingMechanic/Content/PrototypeWeap/Prototype_AssaultRifle_Skeleton.uasset" 701
"C:/Users/fabio/Documents/GitHub/GrabbingMechanic/GrabbingMechanic/Content/PrototypeWeap/Prototype_AssaultRifle_Skeleton.uexp" 702
"C:/Users/fabio/Documents/GitHub/GrabbingMechanic/GrabbingMechanic/Content/PrototypeWeap/Textures/T_Prototype_AssaultRifle_M.ubulk" 703
"C:/Users/fabio/Documents/GitHub/GrabbingMechanic/GrabbingMechanic/Content/PrototypeWeap/Textures/T_Prototype_AssaultRifle_M.uasset" 704
"C:/Users/fabio/Documents/GitHub/GrabbingMechanic/GrabbingMechanic/Content/PrototypeWeap/Textures/T_Prototype_AssaultRifle_M.uexp" 705
"C:/Users/fabio/Documents/GitHub/GrabbingMechanic/GrabbingMechanic/Content/PrototypeWeap/Textures/T_Prototype_AssaultRifle_D.ubulk" 706
"C:/Users/fabio/Documents/GitHub/GrabbingMechanic/GrabbingMechanic/Content/PrototypeWeap/Textures/T_Prototype_AssaultRifle_D.uasset" 707
"C:/Users/fabio/Documents/GitHub/GrabbingMechanic/GrabbingMechanic/Content/PrototypeWeap/Textures/T_Prototype_AssaultRifle_D.uexp" 708
"C:/Users/fabio/Documents/GitHub/GrabbingMechanic/GrabbingMechanic/Content/PrototypeWeap/Textures/T_Prototype_GrenadeLauncher_M.ubulk" 709
"C:/Users/fabio/Documents/GitHub/GrabbingMechanic/GrabbingMechanic/Content/PrototypeWeap/Textures/T_Prototype_GrenadeLauncher_M.uasset" 710
"C:/Users/fabio/Documents/GitHub/GrabbingMechanic/GrabbingMechanic/Content/PrototypeWeap/Textures/T_Prototype_GrenadeLauncher_M.uexp" 711
"C:/Users/fabio/Documents/GitHub/GrabbingMechanic/GrabbingMechanic/Content/PrototypeWeap/Textures/T_Prototype_GrenadeLauncher_N.ubulk" 712
"C:/Users/fabio/Documents/GitHub/GrabbingMechanic/GrabbingMechanic/Content/PrototypeWeap/Textures/T_Prototype_GrenadeLauncher_N.uasset" 713
"C:/Users/fabio/Documents/GitHub/GrabbingMechanic/GrabbingMechanic/Content/PrototypeWeap/Textures/T_Prototype_GrenadeLauncher_N.uexp" 714
"C:/Users/fabio/Documents/GitHub/GrabbingMechanic/GrabbingMechanic/Content/PrototypeWeap/Textures/T_Prototype_GrenadeLauncher_D.ubulk" 715
"C:/Users/fabio/Documents/GitHub/GrabbingMechanic/GrabbingMechanic/Content/PrototypeWeap/Textures/T_Prototype_GrenadeLauncher_D.uasset" 716
"C:/Users/fabio/Documents/GitHub/GrabbingMechanic/GrabbingMechanic/Content/PrototypeWeap/Textures/T_Prototype_GrenadeLauncher_D.uexp" 717
"../../../Engine/Content/EngineResources/Black.uasset" 718
"../../../Engine/Content/EngineResources/Black.uexp" 719
"C:/Users/fabio/Documents/GitHub/GrabbingMechanic/GrabbingMechanic/Content/PrototypeWeap/Materials/M_Master.uasset" 720
"C:/Users/fabio/Documents/GitHub/GrabbingMechanic/GrabbingMechanic/Content/PrototypeWeap/Materials/M_Master.uexp" 721
"C:/Users/fabio/Documents/GitHub/GrabbingMechanic/GrabbingMechanic/Content/PrototypeWeap/Textures/T_Prototype_AssaultRifle_N.ubulk" 722
"C:/Users/fabio/Documents/GitHub/GrabbingMechanic/GrabbingMechanic/Content/PrototypeWeap/Textures/T_Prototype_AssaultRifle_N.uasset" 723
"C:/Users/fabio/Documents/GitHub/GrabbingMechanic/GrabbingMechanic/Content/PrototypeWeap/Textures/T_Prototype_AssaultRifle_N.uexp" 724
"C:/Users/fabio/Documents/GitHub/GrabbingMechanic/GrabbingMechanic/Content/PrototypeWeap/Materials/M_AssualtRifleVer1_Inst.uasset" 725
"C:/Users/fabio/Documents/GitHub/GrabbingMechanic/GrabbingMechanic/Content/PrototypeWeap/Materials/M_AssualtRifleVer1_Inst.uexp" 726
"C:/Users/fabio/Documents/GitHub/GrabbingMechanic/GrabbingMechanic/Content/PrototypeWeap/Prototype_AssaultRifle_PhysicsAsset.uasset" 727
"C:/Users/fabio/Documents/GitHub/GrabbingMechanic/GrabbingMechanic/Content/PrototypeWeap/Prototype_AssaultRifle_PhysicsAsset.uexp" 728
"C:/Users/fabio/Documents/GitHub/GrabbingMechanic/GrabbingMechanic/Content/PrototypeWeap/Prototype_AssaultRifle.uasset" 729
"C:/Users/fabio/Documents/GitHub/GrabbingMechanic/GrabbingMechanic/Content/PrototypeWeap/Prototype_AssaultRifle.uexp" 730
"C:/Users/fabio/Documents/GitHub/GrabbingMechanic/GrabbingMechanic/Content/MyContent/Hostage/BP_Hostage.uasset" 731
"C:/Users/fabio/Documents/GitHub/GrabbingMechanic/GrabbingMechanic/Content/MyContent/Hostage/BP_Hostage.uexp" 732
"C:/Users/fabio/Documents/GitHub/GrabbingMechanic/GrabbingMechanic/Content/MyContent/EnemyAI/AI/BehaviorTree/BTT/BTT_Attack.uasset" 733
"C:/Users/fabio/Documents/GitHub/GrabbingMechanic/GrabbingMechanic/Content/MyContent/EnemyAI/AI/BehaviorTree/BTT/BTT_Attack.uexp" 734
"C:/Users/fabio/Documents/GitHub/GrabbingMechanic/GrabbingMechanic/Content/MyContent/EnemyAI/AI/BehaviorTree/BTT/BTT_IncreaseAwareness.uasset" 735
"C:/Users/fabio/Documents/GitHub/GrabbingMechanic/GrabbingMechanic/Content/MyContent/EnemyAI/AI/BehaviorTree/BTT/BTT_IncreaseAwareness.uexp" 736
"C:/Users/fabio/Documents/GitHub/GrabbingMechanic/GrabbingMechanic/Content/MyContent/EnemyAI/AI/BehaviorTree/BB_Enemy.uasset" 737
"C:/Users/fabio/Documents/GitHub/GrabbingMechanic/GrabbingMechanic/Content/MyContent/EnemyAI/AI/BehaviorTree/BB_Enemy.uexp" 738
"C:/Users/fabio/Documents/GitHub/GrabbingMechanic/GrabbingMechanic/Content/MyContent/EnemyAI/AI/BehaviorTree/BT_Enemy.uasset" 739
"C:/Users/fabio/Documents/GitHub/GrabbingMechanic/GrabbingMechanic/Content/MyContent/EnemyAI/AI/BehaviorTree/BT_Enemy.uexp" 740
"C:/Users/fabio/Documents/GitHub/GrabbingMechanic/GrabbingMechanic/Content/MyContent/EnemyAI/AI/AIC_Enemy.uasset" 741
"C:/Users/fabio/Documents/GitHub/GrabbingMechanic/GrabbingMechanic/Content/MyContent/EnemyAI/AI/AIC_Enemy.uexp" 742
"C:/Users/fabio/Documents/GitHub/GrabbingMechanic/GrabbingMechanic/Content/MyContent/Animation/Surrender.uasset" 743
"C:/Users/fabio/Documents/GitHub/GrabbingMechanic/GrabbingMechanic/Content/MyContent/Animation/Surrender.uexp" 744
"C:/Users/fabio/Documents/GitHub/GrabbingMechanic/GrabbingMechanic/Content/PrototypeWeap/Sound/Rifle/RifleA_Fire01.ubulk" 745
"C:/Users/fabio/Documents/GitHub/GrabbingMechanic/GrabbingMechanic/Content/PrototypeWeap/Sound/Rifle/RifleA_Fire01.uasset" 746
"C:/Users/fabio/Documents/GitHub/GrabbingMechanic/GrabbingMechanic/Content/PrototypeWeap/Sound/Rifle/RifleA_Fire01.uexp" 747
"C:/Users/fabio/Documents/GitHub/GrabbingMechanic/GrabbingMechanic/Content/MyContent/Animation/Attack_Idle.uasset" 748
"C:/Users/fabio/Documents/GitHub/GrabbingMechanic/GrabbingMechanic/Content/MyContent/Animation/Attack_Idle.uexp" 749
"C:/Users/fabio/Documents/GitHub/GrabbingMechanic/GrabbingMechanic/Content/MyContent/Animation/Strafe_Left.uasset" 750
"C:/Users/fabio/Documents/GitHub/GrabbingMechanic/GrabbingMechanic/Content/MyContent/Animation/Strafe_Left.uexp" 751
"C:/Users/fabio/Documents/GitHub/GrabbingMechanic/GrabbingMechanic/Content/MyContent/Animation/AttackStrafing.uasset" 752
"C:/Users/fabio/Documents/GitHub/GrabbingMechanic/GrabbingMechanic/Content/MyContent/Animation/AttackStrafing.uexp" 753
"C:/Users/fabio/Documents/GitHub/GrabbingMechanic/GrabbingMechanic/Content/MyContent/Animation/Spotted.uasset" 754
"C:/Users/fabio/Documents/GitHub/GrabbingMechanic/GrabbingMechanic/Content/MyContent/Animation/Spotted.uexp" 755
"C:/Users/fabio/Documents/GitHub/GrabbingMechanic/GrabbingMechanic/Content/MyContent/Animation/OnGuard.uasset" 756
"C:/Users/fabio/Documents/GitHub/GrabbingMechanic/GrabbingMechanic/Content/MyContent/Animation/OnGuard.uexp" 757
"C:/Users/fabio/Documents/GitHub/GrabbingMechanic/GrabbingMechanic/Content/MyContent/Animation/Death.uasset" 758
"C:/Users/fabio/Documents/GitHub/GrabbingMechanic/GrabbingMechanic/Content/MyContent/Animation/Death.uexp" 759
"C:/Users/fabio/Documents/GitHub/GrabbingMechanic/GrabbingMechanic/Content/MyContent/Animation/ABP_EnemyAI.uasset" 760
"C:/Users/fabio/Documents/GitHub/GrabbingMechanic/GrabbingMechanic/Content/MyContent/Animation/ABP_EnemyAI.uexp" 761
"C:/Users/fabio/Documents/GitHub/GrabbingMechanic/GrabbingMechanic/Content/MyContent/EnemyAI/Mesh/Textures/Ch35_1003_Diffuse.ubulk" 762
"C:/Users/fabio/Documents/GitHub/GrabbingMechanic/GrabbingMechanic/Content/MyContent/EnemyAI/Mesh/Textures/Ch35_1003_Diffuse.uasset" 763
"C:/Users/fabio/Documents/GitHub/GrabbingMechanic/GrabbingMechanic/Content/MyContent/EnemyAI/Mesh/Textures/Ch35_1003_Diffuse.uexp" 764
"C:/Users/fabio/Documents/GitHub/GrabbingMechanic/GrabbingMechanic/Content/MyContent/EnemyAI/Mesh/Textures/Ch35_1003_Glossiness.ubulk" 765
"C:/Users/fabio/Documents/GitHub/GrabbingMechanic/GrabbingMechanic/Content/MyContent/EnemyAI/Mesh/Textures/Ch35_1003_Glossiness.uasset" 766
"C:/Users/fabio/Documents/GitHub/GrabbingMechanic/GrabbingMechanic/Content/MyContent/EnemyAI/Mesh/Textures/Ch35_1003_Glossiness.uexp" 767
"C:/Users/fabio/Documents/GitHub/GrabbingMechanic/GrabbingMechanic/Content/MyContent/EnemyAI/Mesh/Textures/Ch35_1003_Normal.ubulk" 768
"C:/Users/fabio/Documents/GitHub/GrabbingMechanic/GrabbingMechanic/Content/MyContent/EnemyAI/Mesh/Textures/Ch35_1003_Normal.uasset" 769
"C:/Users/fabio/Documents/GitHub/GrabbingMechanic/GrabbingMechanic/Content/MyContent/EnemyAI/Mesh/Textures/Ch35_1003_Normal.uexp" 770
"C:/Users/fabio/Documents/GitHub/GrabbingMechanic/GrabbingMechanic/Content/MyContent/EnemyAI/Mesh/Textures/Ch35_1003_Specular.ubulk" 771
"C:/Users/fabio/Documents/GitHub/GrabbingMechanic/GrabbingMechanic/Content/MyContent/EnemyAI/Mesh/Textures/Ch35_1003_Specular.uasset" 772
"C:/Users/fabio/Documents/GitHub/GrabbingMechanic/GrabbingMechanic/Content/MyContent/EnemyAI/Mesh/Textures/Ch35_1003_Specular.uexp" 773
"C:/Users/fabio/Documents/GitHub/GrabbingMechanic/GrabbingMechanic/Content/MyContent/EnemyAI/Mesh/Textures/Ch35_body2.uasset" 774
"C:/Users/fabio/Documents/GitHub/GrabbingMechanic/GrabbingMechanic/Content/MyContent/EnemyAI/Mesh/Textures/Ch35_body2.uexp" 775
"C:/Users/fabio/Documents/GitHub/GrabbingMechanic/GrabbingMechanic/Content/MyContent/EnemyAI/Mesh/EnemyAI_PhysicsAsset.uasset" 776
"C:/Users/fabio/Documents/GitHub/GrabbingMechanic/GrabbingMechanic/Content/MyContent/EnemyAI/Mesh/EnemyAI_PhysicsAsset.uexp" 777
"C:/Users/fabio/Documents/GitHub/GrabbingMechanic/GrabbingMechanic/Content/MyContent/EnemyAI/Mesh/Textures/Ch35_1001_Normal.ubulk" 778
"C:/Users/fabio/Documents/GitHub/GrabbingMechanic/GrabbingMechanic/Content/MyContent/EnemyAI/Mesh/Textures/Ch35_1001_Normal.uasset" 779
"C:/Users/fabio/Documents/GitHub/GrabbingMechanic/GrabbingMechanic/Content/MyContent/EnemyAI/Mesh/Textures/Ch35_1001_Normal.uexp" 780
"C:/Users/fabio/Documents/GitHub/GrabbingMechanic/GrabbingMechanic/Content/MyContent/EnemyAI/Mesh/Textures/Ch35_1001_Diffuse.ubulk" 781
"C:/Users/fabio/Documents/GitHub/GrabbingMechanic/GrabbingMechanic/Content/MyContent/EnemyAI/Mesh/Textures/Ch35_1001_Diffuse.uasset" 782
"C:/Users/fabio/Documents/GitHub/GrabbingMechanic/GrabbingMechanic/Content/MyContent/EnemyAI/Mesh/Textures/Ch35_1001_Diffuse.uexp" 783
"C:/Users/fabio/Documents/GitHub/GrabbingMechanic/GrabbingMechanic/Content/MyContent/EnemyAI/Mesh/Textures/Ch35_1001_Specular.ubulk" 784
"C:/Users/fabio/Documents/GitHub/GrabbingMechanic/GrabbingMechanic/Content/MyContent/EnemyAI/Mesh/Textures/Ch35_1001_Specular.uasset" 785
"C:/Users/fabio/Documents/GitHub/GrabbingMechanic/GrabbingMechanic/Content/MyContent/EnemyAI/Mesh/Textures/Ch35_1001_Specular.uexp" 786
"C:/Users/fabio/Documents/GitHub/GrabbingMechanic/GrabbingMechanic/Content/MyContent/EnemyAI/Mesh/Textures/Ch35_1001_Glossiness.ubulk" 787
"C:/Users/fabio/Documents/GitHub/GrabbingMechanic/GrabbingMechanic/Content/MyContent/EnemyAI/Mesh/Textures/Ch35_1001_Glossiness.uasset" 788
"C:/Users/fabio/Documents/GitHub/GrabbingMechanic/GrabbingMechanic/Content/MyContent/EnemyAI/Mesh/Textures/Ch35_1001_Glossiness.uexp" 789
"C:/Users/fabio/Documents/GitHub/GrabbingMechanic/GrabbingMechanic/Content/MyContent/EnemyAI/Mesh/Textures/Ch35_body.uasset" 790
"C:/Users/fabio/Documents/GitHub/GrabbingMechanic/GrabbingMechanic/Content/MyContent/EnemyAI/Mesh/Textures/Ch35_body.uexp" 791
"C:/Users/fabio/Documents/GitHub/GrabbingMechanic/GrabbingMechanic/Content/MyContent/EnemyAI/Mesh/Textures/Ch35_1002_Specular.ubulk" 792
"C:/Users/fabio/Documents/GitHub/GrabbingMechanic/GrabbingMechanic/Content/MyContent/EnemyAI/Mesh/Textures/Ch35_1002_Specular.uasset" 793
"C:/Users/fabio/Documents/GitHub/GrabbingMechanic/GrabbingMechanic/Content/MyContent/EnemyAI/Mesh/Textures/Ch35_1002_Specular.uexp" 794
"C:/Users/fabio/Documents/GitHub/GrabbingMechanic/GrabbingMechanic/Content/MyContent/EnemyAI/Mesh/Textures/Ch35_1002_Glossiness.ubulk" 795
"C:/Users/fabio/Documents/GitHub/GrabbingMechanic/GrabbingMechanic/Content/MyContent/EnemyAI/Mesh/Textures/Ch35_1002_Glossiness.uasset" 796
"C:/Users/fabio/Documents/GitHub/GrabbingMechanic/GrabbingMechanic/Content/MyContent/EnemyAI/Mesh/Textures/Ch35_1002_Glossiness.uexp" 797
"C:/Users/fabio/Documents/GitHub/GrabbingMechanic/GrabbingMechanic/Content/MyContent/EnemyAI/Mesh/Textures/Ch35_1002_Diffuse.ubulk" 798
"C:/Users/fabio/Documents/GitHub/GrabbingMechanic/GrabbingMechanic/Content/MyContent/EnemyAI/Mesh/Textures/Ch35_1002_Diffuse.uasset" 799
"C:/Users/fabio/Documents/GitHub/GrabbingMechanic/GrabbingMechanic/Content/MyContent/EnemyAI/Mesh/Textures/Ch35_1002_Diffuse.uexp" 800
"C:/Users/fabio/Documents/GitHub/GrabbingMechanic/GrabbingMechanic/Content/MyContent/EnemyAI/Mesh/Textures/Ch35_1002_Normal.ubulk" 801
"C:/Users/fabio/Documents/GitHub/GrabbingMechanic/GrabbingMechanic/Content/MyContent/EnemyAI/Mesh/Textures/Ch35_1002_Normal.uasset" 802
"C:/Users/fabio/Documents/GitHub/GrabbingMechanic/GrabbingMechanic/Content/MyContent/EnemyAI/Mesh/Textures/Ch35_1002_Normal.uexp" 803
"C:/Users/fabio/Documents/GitHub/GrabbingMechanic/GrabbingMechanic/Content/MyContent/EnemyAI/Mesh/Textures/Ch35_body1.uasset" 804
"C:/Users/fabio/Documents/GitHub/GrabbingMechanic/GrabbingMechanic/Content/MyContent/EnemyAI/Mesh/Textures/Ch35_body1.uexp" 805
"C:/Users/fabio/Documents/GitHub/GrabbingMechanic/GrabbingMechanic/Content/MyContent/EnemyAI/Mesh/EnemyAI_Mannequin.uasset" 806
"C:/Users/fabio/Documents/GitHub/GrabbingMechanic/GrabbingMechanic/Content/MyContent/EnemyAI/Mesh/EnemyAI_Mannequin.uexp" 807
"C:/Users/fabio/Documents/GitHub/GrabbingMechanic/GrabbingMechanic/Content/MyContent/EnemyAI/AIStats.uasset" 808
"C:/Users/fabio/Documents/GitHub/GrabbingMechanic/GrabbingMechanic/Content/MyContent/EnemyAI/AIStats.uexp" 809
"C:/Users/fabio/Documents/GitHub/GrabbingMechanic/GrabbingMechanic/Content/MyContent/EnemyAI/AI/BP_EnemyAI.uasset" 810
"C:/Users/fabio/Documents/GitHub/GrabbingMechanic/GrabbingMechanic/Content/MyContent/EnemyAI/AI/BP_EnemyAI.uexp" 811
"C:/Users/fabio/Documents/GitHub/GrabbingMechanic/GrabbingMechanic/Content/MyContent/EnemyAI/AI/BehaviorTree/BTT/BTT_Death.uasset" 812
"C:/Users/fabio/Documents/GitHub/GrabbingMechanic/GrabbingMechanic/Content/MyContent/EnemyAI/AI/BehaviorTree/BTT/BTT_Death.uexp" 813
"C:/Users/fabio/Documents/GitHub/GrabbingMechanic/GrabbingMechanic/Content/MyContent/EnemyAI/AI/BehaviorTree/BTT/BTT_ChangeSurrender.uasset" 814
"C:/Users/fabio/Documents/GitHub/GrabbingMechanic/GrabbingMechanic/Content/MyContent/EnemyAI/AI/BehaviorTree/BTT/BTT_ChangeSurrender.uexp" 815
"../../../Engine/Content/Maps/Entry_BuiltData.uasset" 816
"../../../Engine/Content/Maps/Entry_BuiltData.uexp" 817
"../../../Engine/Content/Maps/Entry.uexp" 818
"../../../Engine/Content/Maps/Entry.umap" 819
"C:/Users/fabio/Documents/GitHub/GrabbingMechanic/GrabbingMechanic/Content/MyContent/Animation/Cheering.uasset" 820
"C:/Users/fabio/Documents/GitHub/GrabbingMechanic/GrabbingMechanic/Content/MyContent/Animation/Cheering.uexp" 821
"C:/Users/fabio/Documents/GitHub/GrabbingMechanic/GrabbingMechanic/Content/MyContent/Blueprints/HealthBar.uasset" 822
"C:/Users/fabio/Documents/GitHub/GrabbingMechanic/GrabbingMechanic/Content/MyContent/Blueprints/HealthBar.uexp" 823
"C:/Users/fabio/Documents/GitHub/GrabbingMechanic/GrabbingMechanic/Content/HostageGamemode.uasset" 824
"C:/Users/fabio/Documents/GitHub/GrabbingMechanic/GrabbingMechanic/Content/HostageGamemode.uexp" 825
"C:/Users/fabio/Documents/GitHub/GrabbingMechanic/GrabbingMechanic/Content/Geometry/Meshes/1M_Cube.uasset" 826
"C:/Users/fabio/Documents/GitHub/GrabbingMechanic/GrabbingMechanic/Content/Geometry/Meshes/1M_Cube.uexp" 827
"C:/Users/fabio/Documents/GitHub/GrabbingMechanic/GrabbingMechanic/Content/MyContent/Maps/PrototypeMap_BuiltData.ubulk" 828
"C:/Users/fabio/Documents/GitHub/GrabbingMechanic/GrabbingMechanic/Content/MyContent/Maps/PrototypeMap_BuiltData.uasset" 829
"C:/Users/fabio/Documents/GitHub/GrabbingMechanic/GrabbingMechanic/Content/MyContent/Maps/PrototypeMap_BuiltData.uexp" 830
"../../../Engine/Content/BasicShapes/BasicShapeMaterial.uasset" 831
"../../../Engine/Content/BasicShapes/BasicShapeMaterial.uexp" 832
"C:/Users/fabio/Documents/GitHub/GrabbingMechanic/GrabbingMechanic/Content/MyContent/Animation/Clapping.uasset" 833
"C:/Users/fabio/Documents/GitHub/GrabbingMechanic/GrabbingMechanic/Content/MyContent/Animation/Clapping.uexp" 834
"C:/Users/fabio/Documents/GitHub/GrabbingMechanic/GrabbingMechanic/Content/MyContent/Maps/PrototypeMap.uexp" 835
"C:/Users/fabio/Documents/GitHub/GrabbingMechanic/GrabbingMechanic/Content/MyContent/Maps/PrototypeMap.umap" 836
